Determining if the pthread_create exist failed with the following output:
Change Dir: /home/vinayaka/project_ws/build/hector_quadrotor_pose_estimation/CMakeFiles/CMakeTmp

Run Build Command:"/usr/bin/make" "cmTC_b540c/fast"
/usr/bin/make -f CMakeFiles/cmTC_b540c.dir/build.make CMakeFiles/cmTC_b540c.dir/build
make[1]: Entering directory '/home/vinayaka/project_ws/build/hector_quadrotor_pose_estimation/CMakeFiles/CMakeTmp'
Building C object CMakeFiles/cmTC_b540c.dir/CheckSymbolExists.c.o
/usr/bin/cc     -o CMakeFiles/cmTC_b540c.dir/CheckSymbolExists.c.o   -c /home/vinayaka/project_ws/build/hector_quadrotor_pose_estimation/CMakeFiles/CMakeTmp/CheckSymbolExists.c
Linking C executable cmTC_b540c
/usr/bin/cmake -E cmake_link_script CMakeFiles/cmTC_b540c.dir/link.txt --verbose=1
/usr/bin/cc       CMakeFiles/cmTC_b540c.dir/CheckSymbolExists.c.o  -o cmTC_b540c -rdynamic 
CMakeFiles/cmTC_b540c.dir/CheckSymbolExists.c.o: In function `main':
CheckSymbolExists.c:(.text+0x16): undefined reference to `pthread_create'
collect2: error: ld returned 1 exit status
CMakeFiles/cmTC_b540c.dir/build.make:97: recipe for target 'cmTC_b540c' failed
make[1]: *** [cmTC_b540c] Error 1
make[1]: Leaving directory '/home/vinayaka/project_ws/build/hector_quadrotor_pose_estimation/CMakeFiles/CMakeTmp'
Makefile:126: recipe for target 'cmTC_b540c/fast' failed
make: *** [cmTC_b540c/fast] Error 2

File /home/vinayaka/project_ws/build/hector_quadrotor_pose_estimation/CMakeFiles/CMakeTmp/CheckSymbolExists.c:
/* */
#include <pthread.h>

int main(int argc, char** argv)
{
  (void)argv;
#ifndef pthread_create
  return ((int*)(&pthread_create))[argc];
#else
  (void)argc;
  return 0;
#endif
}

Determining if the function pthread_create exists in the pthreads failed with the following output:
Change Dir: /home/vinayaka/project_ws/build/hector_quadrotor_pose_estimation/CMakeFiles/CMakeTmp

Run Build Command:"/usr/bin/make" "cmTC_a6e63/fast"
/usr/bin/make -f CMakeFiles/cmTC_a6e63.dir/build.make CMakeFiles/cmTC_a6e63.dir/build
make[1]: Entering directory '/home/vinayaka/project_ws/build/hector_quadrotor_pose_estimation/CMakeFiles/CMakeTmp'
Building C object CMakeFiles/cmTC_a6e63.dir/CheckFunctionExists.c.o
/usr/bin/cc    -DCHECK_FUNCTION_EXISTS=pthread_create   -o CMakeFiles/cmTC_a6e63.dir/CheckFunctionExists.c.o   -c /usr/share/cmake-3.5/Modules/CheckFunctionExists.c
Linking C executable cmTC_a6e63
/usr/bin/cmake -E cmake_link_script CMakeFiles/cmTC_a6e63.dir/link.txt --verbose=1
/usr/bin/cc   -DCHECK_FUNCTION_EXISTS=pthread_create    CMakeFiles/cmTC_a6e63.dir/CheckFunctionExists.c.o  -o cmTC_a6e63 -rdynamic -lpthreads 
/usr/bin/ld: cannot find -lpthreads
collect2: error: ld returned 1 exit status
CMakeFiles/cmTC_a6e63.dir/build.make:97: recipe for target 'cmTC_a6e63' failed
make[1]: *** [cmTC_a6e63] Error 1
make[1]: Leaving directory '/home/vinayaka/project_ws/build/hector_quadrotor_pose_estimation/CMakeFiles/CMakeTmp'
Makefile:126: recipe for target 'cmTC_a6e63/fast' failed
make: *** [cmTC_a6e63/fast] Error 2


