Linked: (/home/vinayaka/project_ws/devel/.private/hector_uav_msgs/lib/pkgconfig/hector_uav_msgs.pc, /home/vinayaka/project_ws/devel/lib/pkgconfig/hector_uav_msgs.pc)
Linked: (/home/vinayaka/project_ws/devel/.private/hector_uav_msgs/lib/python2.7/dist-packages/hector_uav_msgs/__init__.py, /home/vinayaka/project_ws/devel/lib/python2.7/dist-packages/hector_uav_msgs/__init__.py)
Linked: (/home/vinayaka/project_ws/devel/.private/hector_uav_msgs/lib/python2.7/dist-packages/hector_uav_msgs/srv/_EnableMotors.py, /home/vinayaka/project_ws/devel/lib/python2.7/dist-packages/hector_uav_msgs/srv/_EnableMotors.py)
Linked: (/home/vinayaka/project_ws/devel/.private/hector_uav_msgs/lib/python2.7/dist-packages/hector_uav_msgs/srv/__init__.py, /home/vinayaka/project_ws/devel/lib/python2.7/dist-packages/hector_uav_msgs/srv/__init__.py)
Linked: (/home/vinayaka/project_ws/devel/.private/hector_uav_msgs/lib/python2.7/dist-packages/hector_uav_msgs/msg/_ThrustCommand.py, /home/vinayaka/project_ws/devel/lib/python2.7/dist-packages/hector_uav_msgs/msg/_ThrustCommand.py)
Linked: (/home/vinayaka/project_ws/devel/.private/hector_uav_msgs/lib/python2.7/dist-packages/hector_uav_msgs/msg/_LandingGoal.py, /home/vinayaka/project_ws/devel/lib/python2.7/dist-packages/hector_uav_msgs/msg/_LandingGoal.py)
Linked: (/home/vinayaka/project_ws/devel/.private/hector_uav_msgs/lib/python2.7/dist-packages/hector_uav_msgs/msg/_TakeoffActionResult.py, /home/vinayaka/project_ws/devel/lib/python2.7/dist-packages/hector_uav_msgs/msg/_TakeoffActionResult.py)
Linked: (/home/vinayaka/project_ws/devel/.private/hector_uav_msgs/lib/python2.7/dist-packages/hector_uav_msgs/msg/_LandingResult.py, /home/vinayaka/project_ws/devel/lib/python2.7/dist-packages/hector_uav_msgs/msg/_LandingResult.py)
Linked: (/home/vinayaka/project_ws/devel/.private/hector_uav_msgs/lib/python2.7/dist-packages/hector_uav_msgs/msg/_LandingActionResult.py, /home/vinayaka/project_ws/devel/lib/python2.7/dist-packages/hector_uav_msgs/msg/_LandingActionResult.py)
Linked: (/home/vinayaka/project_ws/devel/.private/hector_uav_msgs/lib/python2.7/dist-packages/hector_uav_msgs/msg/_AttitudeCommand.py, /home/vinayaka/project_ws/devel/lib/python2.7/dist-packages/hector_uav_msgs/msg/_AttitudeCommand.py)
Linked: (/home/vinayaka/project_ws/devel/.private/hector_uav_msgs/lib/python2.7/dist-packages/hector_uav_msgs/msg/_PoseGoal.py, /home/vinayaka/project_ws/devel/lib/python2.7/dist-packages/hector_uav_msgs/msg/_PoseGoal.py)
Linked: (/home/vinayaka/project_ws/devel/.private/hector_uav_msgs/lib/python2.7/dist-packages/hector_uav_msgs/msg/_PoseActionResult.py, /home/vinayaka/project_ws/devel/lib/python2.7/dist-packages/hector_uav_msgs/msg/_PoseActionResult.py)
Linked: (/home/vinayaka/project_ws/devel/.private/hector_uav_msgs/lib/python2.7/dist-packages/hector_uav_msgs/msg/_VelocityZCommand.py, /home/vinayaka/project_ws/devel/lib/python2.7/dist-packages/hector_uav_msgs/msg/_VelocityZCommand.py)
Linked: (/home/vinayaka/project_ws/devel/.private/hector_uav_msgs/lib/python2.7/dist-packages/hector_uav_msgs/msg/_ServoCommand.py, /home/vinayaka/project_ws/devel/lib/python2.7/dist-packages/hector_uav_msgs/msg/_ServoCommand.py)
Linked: (/home/vinayaka/project_ws/devel/.private/hector_uav_msgs/lib/python2.7/dist-packages/hector_uav_msgs/msg/_PoseResult.py, /home/vinayaka/project_ws/devel/lib/python2.7/dist-packages/hector_uav_msgs/msg/_PoseResult.py)
Linked: (/home/vinayaka/project_ws/devel/.private/hector_uav_msgs/lib/python2.7/dist-packages/hector_uav_msgs/msg/_HeadingCommand.py, /home/vinayaka/project_ws/devel/lib/python2.7/dist-packages/hector_uav_msgs/msg/_HeadingCommand.py)
Linked: (/home/vinayaka/project_ws/devel/.private/hector_uav_msgs/lib/python2.7/dist-packages/hector_uav_msgs/msg/_ControllerState.py, /home/vinayaka/project_ws/devel/lib/python2.7/dist-packages/hector_uav_msgs/msg/_ControllerState.py)
Linked: (/home/vinayaka/project_ws/devel/.private/hector_uav_msgs/lib/python2.7/dist-packages/hector_uav_msgs/msg/_PoseActionGoal.py, /home/vinayaka/project_ws/devel/lib/python2.7/dist-packages/hector_uav_msgs/msg/_PoseActionGoal.py)
Linked: (/home/vinayaka/project_ws/devel/.private/hector_uav_msgs/lib/python2.7/dist-packages/hector_uav_msgs/msg/_RawMagnetic.py, /home/vinayaka/project_ws/devel/lib/python2.7/dist-packages/hector_uav_msgs/msg/_RawMagnetic.py)
Linked: (/home/vinayaka/project_ws/devel/.private/hector_uav_msgs/lib/python2.7/dist-packages/hector_uav_msgs/msg/_PoseFeedback.py, /home/vinayaka/project_ws/devel/lib/python2.7/dist-packages/hector_uav_msgs/msg/_PoseFeedback.py)
Linked: (/home/vinayaka/project_ws/devel/.private/hector_uav_msgs/lib/python2.7/dist-packages/hector_uav_msgs/msg/_VelocityXYCommand.py, /home/vinayaka/project_ws/devel/lib/python2.7/dist-packages/hector_uav_msgs/msg/_VelocityXYCommand.py)
Linked: (/home/vinayaka/project_ws/devel/.private/hector_uav_msgs/lib/python2.7/dist-packages/hector_uav_msgs/msg/_PoseActionFeedback.py, /home/vinayaka/project_ws/devel/lib/python2.7/dist-packages/hector_uav_msgs/msg/_PoseActionFeedback.py)
Linked: (/home/vinayaka/project_ws/devel/.private/hector_uav_msgs/lib/python2.7/dist-packages/hector_uav_msgs/msg/_HeightCommand.py, /home/vinayaka/project_ws/devel/lib/python2.7/dist-packages/hector_uav_msgs/msg/_HeightCommand.py)
Linked: (/home/vinayaka/project_ws/devel/.private/hector_uav_msgs/lib/python2.7/dist-packages/hector_uav_msgs/msg/_PositionXYCommand.py, /home/vinayaka/project_ws/devel/lib/python2.7/dist-packages/hector_uav_msgs/msg/_PositionXYCommand.py)
Linked: (/home/vinayaka/project_ws/devel/.private/hector_uav_msgs/lib/python2.7/dist-packages/hector_uav_msgs/msg/_RC.py, /home/vinayaka/project_ws/devel/lib/python2.7/dist-packages/hector_uav_msgs/msg/_RC.py)
Linked: (/home/vinayaka/project_ws/devel/.private/hector_uav_msgs/lib/python2.7/dist-packages/hector_uav_msgs/msg/_YawrateCommand.py, /home/vinayaka/project_ws/devel/lib/python2.7/dist-packages/hector_uav_msgs/msg/_YawrateCommand.py)
Linked: (/home/vinayaka/project_ws/devel/.private/hector_uav_msgs/lib/python2.7/dist-packages/hector_uav_msgs/msg/_Compass.py, /home/vinayaka/project_ws/devel/lib/python2.7/dist-packages/hector_uav_msgs/msg/_Compass.py)
Linked: (/home/vinayaka/project_ws/devel/.private/hector_uav_msgs/lib/python2.7/dist-packages/hector_uav_msgs/msg/_Supply.py, /home/vinayaka/project_ws/devel/lib/python2.7/dist-packages/hector_uav_msgs/msg/_Supply.py)
Linked: (/home/vinayaka/project_ws/devel/.private/hector_uav_msgs/lib/python2.7/dist-packages/hector_uav_msgs/msg/_TakeoffAction.py, /home/vinayaka/project_ws/devel/lib/python2.7/dist-packages/hector_uav_msgs/msg/_TakeoffAction.py)
Linked: (/home/vinayaka/project_ws/devel/.private/hector_uav_msgs/lib/python2.7/dist-packages/hector_uav_msgs/msg/_RuddersCommand.py, /home/vinayaka/project_ws/devel/lib/python2.7/dist-packages/hector_uav_msgs/msg/_RuddersCommand.py)
Linked: (/home/vinayaka/project_ws/devel/.private/hector_uav_msgs/lib/python2.7/dist-packages/hector_uav_msgs/msg/__init__.py, /home/vinayaka/project_ws/devel/lib/python2.7/dist-packages/hector_uav_msgs/msg/__init__.py)
Linked: (/home/vinayaka/project_ws/devel/.private/hector_uav_msgs/lib/python2.7/dist-packages/hector_uav_msgs/msg/_RawImu.py, /home/vinayaka/project_ws/devel/lib/python2.7/dist-packages/hector_uav_msgs/msg/_RawImu.py)
Linked: (/home/vinayaka/project_ws/devel/.private/hector_uav_msgs/lib/python2.7/dist-packages/hector_uav_msgs/msg/_MotorCommand.py, /home/vinayaka/project_ws/devel/lib/python2.7/dist-packages/hector_uav_msgs/msg/_MotorCommand.py)
Linked: (/home/vinayaka/project_ws/devel/.private/hector_uav_msgs/lib/python2.7/dist-packages/hector_uav_msgs/msg/_TakeoffActionFeedback.py, /home/vinayaka/project_ws/devel/lib/python2.7/dist-packages/hector_uav_msgs/msg/_TakeoffActionFeedback.py)
Linked: (/home/vinayaka/project_ws/devel/.private/hector_uav_msgs/lib/python2.7/dist-packages/hector_uav_msgs/msg/_MotorStatus.py, /home/vinayaka/project_ws/devel/lib/python2.7/dist-packages/hector_uav_msgs/msg/_MotorStatus.py)
Linked: (/home/vinayaka/project_ws/devel/.private/hector_uav_msgs/lib/python2.7/dist-packages/hector_uav_msgs/msg/_TakeoffResult.py, /home/vinayaka/project_ws/devel/lib/python2.7/dist-packages/hector_uav_msgs/msg/_TakeoffResult.py)
Linked: (/home/vinayaka/project_ws/devel/.private/hector_uav_msgs/lib/python2.7/dist-packages/hector_uav_msgs/msg/_LandingActionGoal.py, /home/vinayaka/project_ws/devel/lib/python2.7/dist-packages/hector_uav_msgs/msg/_LandingActionGoal.py)
Linked: (/home/vinayaka/project_ws/devel/.private/hector_uav_msgs/lib/python2.7/dist-packages/hector_uav_msgs/msg/_RawRC.py, /home/vinayaka/project_ws/devel/lib/python2.7/dist-packages/hector_uav_msgs/msg/_RawRC.py)
Linked: (/home/vinayaka/project_ws/devel/.private/hector_uav_msgs/lib/python2.7/dist-packages/hector_uav_msgs/msg/_TakeoffFeedback.py, /home/vinayaka/project_ws/devel/lib/python2.7/dist-packages/hector_uav_msgs/msg/_TakeoffFeedback.py)
Linked: (/home/vinayaka/project_ws/devel/.private/hector_uav_msgs/lib/python2.7/dist-packages/hector_uav_msgs/msg/_PoseAction.py, /home/vinayaka/project_ws/devel/lib/python2.7/dist-packages/hector_uav_msgs/msg/_PoseAction.py)
Linked: (/home/vinayaka/project_ws/devel/.private/hector_uav_msgs/lib/python2.7/dist-packages/hector_uav_msgs/msg/_Altimeter.py, /home/vinayaka/project_ws/devel/lib/python2.7/dist-packages/hector_uav_msgs/msg/_Altimeter.py)
Linked: (/home/vinayaka/project_ws/devel/.private/hector_uav_msgs/lib/python2.7/dist-packages/hector_uav_msgs/msg/_LandingFeedback.py, /home/vinayaka/project_ws/devel/lib/python2.7/dist-packages/hector_uav_msgs/msg/_LandingFeedback.py)
Linked: (/home/vinayaka/project_ws/devel/.private/hector_uav_msgs/lib/python2.7/dist-packages/hector_uav_msgs/msg/_MotorPWM.py, /home/vinayaka/project_ws/devel/lib/python2.7/dist-packages/hector_uav_msgs/msg/_MotorPWM.py)
Linked: (/home/vinayaka/project_ws/devel/.private/hector_uav_msgs/lib/python2.7/dist-packages/hector_uav_msgs/msg/_LandingAction.py, /home/vinayaka/project_ws/devel/lib/python2.7/dist-packages/hector_uav_msgs/msg/_LandingAction.py)
Linked: (/home/vinayaka/project_ws/devel/.private/hector_uav_msgs/lib/python2.7/dist-packages/hector_uav_msgs/msg/_TakeoffActionGoal.py, /home/vinayaka/project_ws/devel/lib/python2.7/dist-packages/hector_uav_msgs/msg/_TakeoffActionGoal.py)
Linked: (/home/vinayaka/project_ws/devel/.private/hector_uav_msgs/lib/python2.7/dist-packages/hector_uav_msgs/msg/_LandingActionFeedback.py, /home/vinayaka/project_ws/devel/lib/python2.7/dist-packages/hector_uav_msgs/msg/_LandingActionFeedback.py)
Linked: (/home/vinayaka/project_ws/devel/.private/hector_uav_msgs/lib/python2.7/dist-packages/hector_uav_msgs/msg/_TakeoffGoal.py, /home/vinayaka/project_ws/devel/lib/python2.7/dist-packages/hector_uav_msgs/msg/_TakeoffGoal.py)
Linked: (/home/vinayaka/project_ws/devel/.private/hector_uav_msgs/share/gennodejs/ros/hector_uav_msgs/_index.js, /home/vinayaka/project_ws/devel/share/gennodejs/ros/hector_uav_msgs/_index.js)
Linked: (/home/vinayaka/project_ws/devel/.private/hector_uav_msgs/share/gennodejs/ros/hector_uav_msgs/srv/_index.js, /home/vinayaka/project_ws/devel/share/gennodejs/ros/hector_uav_msgs/srv/_index.js)
Linked: (/home/vinayaka/project_ws/devel/.private/hector_uav_msgs/share/gennodejs/ros/hector_uav_msgs/srv/EnableMotors.js, /home/vinayaka/project_ws/devel/share/gennodejs/ros/hector_uav_msgs/srv/EnableMotors.js)
Linked: (/home/vinayaka/project_ws/devel/.private/hector_uav_msgs/share/gennodejs/ros/hector_uav_msgs/msg/PoseActionFeedback.js, /home/vinayaka/project_ws/devel/share/gennodejs/ros/hector_uav_msgs/msg/PoseActionFeedback.js)
Linked: (/home/vinayaka/project_ws/devel/.private/hector_uav_msgs/share/gennodejs/ros/hector_uav_msgs/msg/LandingActionFeedback.js, /home/vinayaka/project_ws/devel/share/gennodejs/ros/hector_uav_msgs/msg/LandingActionFeedback.js)
Linked: (/home/vinayaka/project_ws/devel/.private/hector_uav_msgs/share/gennodejs/ros/hector_uav_msgs/msg/Compass.js, /home/vinayaka/project_ws/devel/share/gennodejs/ros/hector_uav_msgs/msg/Compass.js)
Linked: (/home/vinayaka/project_ws/devel/.private/hector_uav_msgs/share/gennodejs/ros/hector_uav_msgs/msg/PoseActionGoal.js, /home/vinayaka/project_ws/devel/share/gennodejs/ros/hector_uav_msgs/msg/PoseActionGoal.js)
Linked: (/home/vinayaka/project_ws/devel/.private/hector_uav_msgs/share/gennodejs/ros/hector_uav_msgs/msg/VelocityZCommand.js, /home/vinayaka/project_ws/devel/share/gennodejs/ros/hector_uav_msgs/msg/VelocityZCommand.js)
Linked: (/home/vinayaka/project_ws/devel/.private/hector_uav_msgs/share/gennodejs/ros/hector_uav_msgs/msg/RawImu.js, /home/vinayaka/project_ws/devel/share/gennodejs/ros/hector_uav_msgs/msg/RawImu.js)
Linked: (/home/vinayaka/project_ws/devel/.private/hector_uav_msgs/share/gennodejs/ros/hector_uav_msgs/msg/RuddersCommand.js, /home/vinayaka/project_ws/devel/share/gennodejs/ros/hector_uav_msgs/msg/RuddersCommand.js)
Linked: (/home/vinayaka/project_ws/devel/.private/hector_uav_msgs/share/gennodejs/ros/hector_uav_msgs/msg/LandingFeedback.js, /home/vinayaka/project_ws/devel/share/gennodejs/ros/hector_uav_msgs/msg/LandingFeedback.js)
Linked: (/home/vinayaka/project_ws/devel/.private/hector_uav_msgs/share/gennodejs/ros/hector_uav_msgs/msg/VelocityXYCommand.js, /home/vinayaka/project_ws/devel/share/gennodejs/ros/hector_uav_msgs/msg/VelocityXYCommand.js)
Linked: (/home/vinayaka/project_ws/devel/.private/hector_uav_msgs/share/gennodejs/ros/hector_uav_msgs/msg/RC.js, /home/vinayaka/project_ws/devel/share/gennodejs/ros/hector_uav_msgs/msg/RC.js)
Linked: (/home/vinayaka/project_ws/devel/.private/hector_uav_msgs/share/gennodejs/ros/hector_uav_msgs/msg/ThrustCommand.js, /home/vinayaka/project_ws/devel/share/gennodejs/ros/hector_uav_msgs/msg/ThrustCommand.js)
Linked: (/home/vinayaka/project_ws/devel/.private/hector_uav_msgs/share/gennodejs/ros/hector_uav_msgs/msg/AttitudeCommand.js, /home/vinayaka/project_ws/devel/share/gennodejs/ros/hector_uav_msgs/msg/AttitudeCommand.js)
Linked: (/home/vinayaka/project_ws/devel/.private/hector_uav_msgs/share/gennodejs/ros/hector_uav_msgs/msg/TakeoffGoal.js, /home/vinayaka/project_ws/devel/share/gennodejs/ros/hector_uav_msgs/msg/TakeoffGoal.js)
Linked: (/home/vinayaka/project_ws/devel/.private/hector_uav_msgs/share/gennodejs/ros/hector_uav_msgs/msg/PoseAction.js, /home/vinayaka/project_ws/devel/share/gennodejs/ros/hector_uav_msgs/msg/PoseAction.js)
Linked: (/home/vinayaka/project_ws/devel/.private/hector_uav_msgs/share/gennodejs/ros/hector_uav_msgs/msg/HeightCommand.js, /home/vinayaka/project_ws/devel/share/gennodejs/ros/hector_uav_msgs/msg/HeightCommand.js)
Linked: (/home/vinayaka/project_ws/devel/.private/hector_uav_msgs/share/gennodejs/ros/hector_uav_msgs/msg/RawRC.js, /home/vinayaka/project_ws/devel/share/gennodejs/ros/hector_uav_msgs/msg/RawRC.js)
Linked: (/home/vinayaka/project_ws/devel/.private/hector_uav_msgs/share/gennodejs/ros/hector_uav_msgs/msg/_index.js, /home/vinayaka/project_ws/devel/share/gennodejs/ros/hector_uav_msgs/msg/_index.js)
Linked: (/home/vinayaka/project_ws/devel/.private/hector_uav_msgs/share/gennodejs/ros/hector_uav_msgs/msg/HeadingCommand.js, /home/vinayaka/project_ws/devel/share/gennodejs/ros/hector_uav_msgs/msg/HeadingCommand.js)
Linked: (/home/vinayaka/project_ws/devel/.private/hector_uav_msgs/share/gennodejs/ros/hector_uav_msgs/msg/MotorStatus.js, /home/vinayaka/project_ws/devel/share/gennodejs/ros/hector_uav_msgs/msg/MotorStatus.js)
Linked: (/home/vinayaka/project_ws/devel/.private/hector_uav_msgs/share/gennodejs/ros/hector_uav_msgs/msg/ControllerState.js, /home/vinayaka/project_ws/devel/share/gennodejs/ros/hector_uav_msgs/msg/ControllerState.js)
Linked: (/home/vinayaka/project_ws/devel/.private/hector_uav_msgs/share/gennodejs/ros/hector_uav_msgs/msg/MotorPWM.js, /home/vinayaka/project_ws/devel/share/gennodejs/ros/hector_uav_msgs/msg/MotorPWM.js)
Linked: (/home/vinayaka/project_ws/devel/.private/hector_uav_msgs/share/gennodejs/ros/hector_uav_msgs/msg/Supply.js, /home/vinayaka/project_ws/devel/share/gennodejs/ros/hector_uav_msgs/msg/Supply.js)
Linked: (/home/vinayaka/project_ws/devel/.private/hector_uav_msgs/share/gennodejs/ros/hector_uav_msgs/msg/PoseActionResult.js, /home/vinayaka/project_ws/devel/share/gennodejs/ros/hector_uav_msgs/msg/PoseActionResult.js)
Linked: (/home/vinayaka/project_ws/devel/.private/hector_uav_msgs/share/gennodejs/ros/hector_uav_msgs/msg/TakeoffActionGoal.js, /home/vinayaka/project_ws/devel/share/gennodejs/ros/hector_uav_msgs/msg/TakeoffActionGoal.js)
Linked: (/home/vinayaka/project_ws/devel/.private/hector_uav_msgs/share/gennodejs/ros/hector_uav_msgs/msg/RawMagnetic.js, /home/vinayaka/project_ws/devel/share/gennodejs/ros/hector_uav_msgs/msg/RawMagnetic.js)
Linked: (/home/vinayaka/project_ws/devel/.private/hector_uav_msgs/share/gennodejs/ros/hector_uav_msgs/msg/ServoCommand.js, /home/vinayaka/project_ws/devel/share/gennodejs/ros/hector_uav_msgs/msg/ServoCommand.js)
Linked: (/home/vinayaka/project_ws/devel/.private/hector_uav_msgs/share/gennodejs/ros/hector_uav_msgs/msg/PoseResult.js, /home/vinayaka/project_ws/devel/share/gennodejs/ros/hector_uav_msgs/msg/PoseResult.js)
Linked: (/home/vinayaka/project_ws/devel/.private/hector_uav_msgs/share/gennodejs/ros/hector_uav_msgs/msg/TakeoffResult.js, /home/vinayaka/project_ws/devel/share/gennodejs/ros/hector_uav_msgs/msg/TakeoffResult.js)
Linked: (/home/vinayaka/project_ws/devel/.private/hector_uav_msgs/share/gennodejs/ros/hector_uav_msgs/msg/MotorCommand.js, /home/vinayaka/project_ws/devel/share/gennodejs/ros/hector_uav_msgs/msg/MotorCommand.js)
Linked: (/home/vinayaka/project_ws/devel/.private/hector_uav_msgs/share/gennodejs/ros/hector_uav_msgs/msg/PoseFeedback.js, /home/vinayaka/project_ws/devel/share/gennodejs/ros/hector_uav_msgs/msg/PoseFeedback.js)
Linked: (/home/vinayaka/project_ws/devel/.private/hector_uav_msgs/share/gennodejs/ros/hector_uav_msgs/msg/LandingActionResult.js, /home/vinayaka/project_ws/devel/share/gennodejs/ros/hector_uav_msgs/msg/LandingActionResult.js)
Linked: (/home/vinayaka/project_ws/devel/.private/hector_uav_msgs/share/gennodejs/ros/hector_uav_msgs/msg/YawrateCommand.js, /home/vinayaka/project_ws/devel/share/gennodejs/ros/hector_uav_msgs/msg/YawrateCommand.js)
Linked: (/home/vinayaka/project_ws/devel/.private/hector_uav_msgs/share/gennodejs/ros/hector_uav_msgs/msg/LandingGoal.js, /home/vinayaka/project_ws/devel/share/gennodejs/ros/hector_uav_msgs/msg/LandingGoal.js)
Linked: (/home/vinayaka/project_ws/devel/.private/hector_uav_msgs/share/gennodejs/ros/hector_uav_msgs/msg/LandingActionGoal.js, /home/vinayaka/project_ws/devel/share/gennodejs/ros/hector_uav_msgs/msg/LandingActionGoal.js)
Linked: (/home/vinayaka/project_ws/devel/.private/hector_uav_msgs/share/gennodejs/ros/hector_uav_msgs/msg/Altimeter.js, /home/vinayaka/project_ws/devel/share/gennodejs/ros/hector_uav_msgs/msg/Altimeter.js)
Linked: (/home/vinayaka/project_ws/devel/.private/hector_uav_msgs/share/gennodejs/ros/hector_uav_msgs/msg/TakeoffActionFeedback.js, /home/vinayaka/project_ws/devel/share/gennodejs/ros/hector_uav_msgs/msg/TakeoffActionFeedback.js)
Linked: (/home/vinayaka/project_ws/devel/.private/hector_uav_msgs/share/gennodejs/ros/hector_uav_msgs/msg/PoseGoal.js, /home/vinayaka/project_ws/devel/share/gennodejs/ros/hector_uav_msgs/msg/PoseGoal.js)
Linked: (/home/vinayaka/project_ws/devel/.private/hector_uav_msgs/share/gennodejs/ros/hector_uav_msgs/msg/LandingResult.js, /home/vinayaka/project_ws/devel/share/gennodejs/ros/hector_uav_msgs/msg/LandingResult.js)
Linked: (/home/vinayaka/project_ws/devel/.private/hector_uav_msgs/share/gennodejs/ros/hector_uav_msgs/msg/TakeoffFeedback.js, /home/vinayaka/project_ws/devel/share/gennodejs/ros/hector_uav_msgs/msg/TakeoffFeedback.js)
Linked: (/home/vinayaka/project_ws/devel/.private/hector_uav_msgs/share/gennodejs/ros/hector_uav_msgs/msg/TakeoffActionResult.js, /home/vinayaka/project_ws/devel/share/gennodejs/ros/hector_uav_msgs/msg/TakeoffActionResult.js)
Linked: (/home/vinayaka/project_ws/devel/.private/hector_uav_msgs/share/gennodejs/ros/hector_uav_msgs/msg/PositionXYCommand.js, /home/vinayaka/project_ws/devel/share/gennodejs/ros/hector_uav_msgs/msg/PositionXYCommand.js)
Linked: (/home/vinayaka/project_ws/devel/.private/hector_uav_msgs/share/gennodejs/ros/hector_uav_msgs/msg/TakeoffAction.js, /home/vinayaka/project_ws/devel/share/gennodejs/ros/hector_uav_msgs/msg/TakeoffAction.js)
Linked: (/home/vinayaka/project_ws/devel/.private/hector_uav_msgs/share/gennodejs/ros/hector_uav_msgs/msg/LandingAction.js, /home/vinayaka/project_ws/devel/share/gennodejs/ros/hector_uav_msgs/msg/LandingAction.js)
Linked: (/home/vinayaka/project_ws/devel/.private/hector_uav_msgs/share/hector_uav_msgs/cmake/hector_uav_msgsConfig.cmake, /home/vinayaka/project_ws/devel/share/hector_uav_msgs/cmake/hector_uav_msgsConfig.cmake)
Linked: (/home/vinayaka/project_ws/devel/.private/hector_uav_msgs/share/hector_uav_msgs/cmake/hector_uav_msgs-msg-extras.cmake, /home/vinayaka/project_ws/devel/share/hector_uav_msgs/cmake/hector_uav_msgs-msg-extras.cmake)
Linked: (/home/vinayaka/project_ws/devel/.private/hector_uav_msgs/share/hector_uav_msgs/cmake/hector_uav_msgsConfig-version.cmake, /home/vinayaka/project_ws/devel/share/hector_uav_msgs/cmake/hector_uav_msgsConfig-version.cmake)
Linked: (/home/vinayaka/project_ws/devel/.private/hector_uav_msgs/share/hector_uav_msgs/cmake/hector_uav_msgs-msg-paths.cmake, /home/vinayaka/project_ws/devel/share/hector_uav_msgs/cmake/hector_uav_msgs-msg-paths.cmake)
Linked: (/home/vinayaka/project_ws/devel/.private/hector_uav_msgs/share/hector_uav_msgs/msg/LandingActionFeedback.msg, /home/vinayaka/project_ws/devel/share/hector_uav_msgs/msg/LandingActionFeedback.msg)
Linked: (/home/vinayaka/project_ws/devel/.private/hector_uav_msgs/share/hector_uav_msgs/msg/PoseActionResult.msg, /home/vinayaka/project_ws/devel/share/hector_uav_msgs/msg/PoseActionResult.msg)
Linked: (/home/vinayaka/project_ws/devel/.private/hector_uav_msgs/share/hector_uav_msgs/msg/TakeoffActionGoal.msg, /home/vinayaka/project_ws/devel/share/hector_uav_msgs/msg/TakeoffActionGoal.msg)
Linked: (/home/vinayaka/project_ws/devel/.private/hector_uav_msgs/share/hector_uav_msgs/msg/TakeoffAction.msg, /home/vinayaka/project_ws/devel/share/hector_uav_msgs/msg/TakeoffAction.msg)
Linked: (/home/vinayaka/project_ws/devel/.private/hector_uav_msgs/share/hector_uav_msgs/msg/LandingActionResult.msg, /home/vinayaka/project_ws/devel/share/hector_uav_msgs/msg/LandingActionResult.msg)
Linked: (/home/vinayaka/project_ws/devel/.private/hector_uav_msgs/share/hector_uav_msgs/msg/LandingGoal.msg, /home/vinayaka/project_ws/devel/share/hector_uav_msgs/msg/LandingGoal.msg)
Linked: (/home/vinayaka/project_ws/devel/.private/hector_uav_msgs/share/hector_uav_msgs/msg/PoseActionFeedback.msg, /home/vinayaka/project_ws/devel/share/hector_uav_msgs/msg/PoseActionFeedback.msg)
Linked: (/home/vinayaka/project_ws/devel/.private/hector_uav_msgs/share/hector_uav_msgs/msg/TakeoffActionResult.msg, /home/vinayaka/project_ws/devel/share/hector_uav_msgs/msg/TakeoffActionResult.msg)
Linked: (/home/vinayaka/project_ws/devel/.private/hector_uav_msgs/share/hector_uav_msgs/msg/PoseFeedback.msg, /home/vinayaka/project_ws/devel/share/hector_uav_msgs/msg/PoseFeedback.msg)
Linked: (/home/vinayaka/project_ws/devel/.private/hector_uav_msgs/share/hector_uav_msgs/msg/PoseAction.msg, /home/vinayaka/project_ws/devel/share/hector_uav_msgs/msg/PoseAction.msg)
Linked: (/home/vinayaka/project_ws/devel/.private/hector_uav_msgs/share/hector_uav_msgs/msg/TakeoffActionFeedback.msg, /home/vinayaka/project_ws/devel/share/hector_uav_msgs/msg/TakeoffActionFeedback.msg)
Linked: (/home/vinayaka/project_ws/devel/.private/hector_uav_msgs/share/hector_uav_msgs/msg/PoseActionGoal.msg, /home/vinayaka/project_ws/devel/share/hector_uav_msgs/msg/PoseActionGoal.msg)
Linked: (/home/vinayaka/project_ws/devel/.private/hector_uav_msgs/share/hector_uav_msgs/msg/PoseGoal.msg, /home/vinayaka/project_ws/devel/share/hector_uav_msgs/msg/PoseGoal.msg)
Linked: (/home/vinayaka/project_ws/devel/.private/hector_uav_msgs/share/hector_uav_msgs/msg/LandingFeedback.msg, /home/vinayaka/project_ws/devel/share/hector_uav_msgs/msg/LandingFeedback.msg)
Linked: (/home/vinayaka/project_ws/devel/.private/hector_uav_msgs/share/hector_uav_msgs/msg/LandingResult.msg, /home/vinayaka/project_ws/devel/share/hector_uav_msgs/msg/LandingResult.msg)
Linked: (/home/vinayaka/project_ws/devel/.private/hector_uav_msgs/share/hector_uav_msgs/msg/TakeoffFeedback.msg, /home/vinayaka/project_ws/devel/share/hector_uav_msgs/msg/TakeoffFeedback.msg)
Linked: (/home/vinayaka/project_ws/devel/.private/hector_uav_msgs/share/hector_uav_msgs/msg/LandingAction.msg, /home/vinayaka/project_ws/devel/share/hector_uav_msgs/msg/LandingAction.msg)
Linked: (/home/vinayaka/project_ws/devel/.private/hector_uav_msgs/share/hector_uav_msgs/msg/LandingActionGoal.msg, /home/vinayaka/project_ws/devel/share/hector_uav_msgs/msg/LandingActionGoal.msg)
Linked: (/home/vinayaka/project_ws/devel/.private/hector_uav_msgs/share/hector_uav_msgs/msg/TakeoffResult.msg, /home/vinayaka/project_ws/devel/share/hector_uav_msgs/msg/TakeoffResult.msg)
Linked: (/home/vinayaka/project_ws/devel/.private/hector_uav_msgs/share/hector_uav_msgs/msg/TakeoffGoal.msg, /home/vinayaka/project_ws/devel/share/hector_uav_msgs/msg/TakeoffGoal.msg)
Linked: (/home/vinayaka/project_ws/devel/.private/hector_uav_msgs/share/hector_uav_msgs/msg/PoseResult.msg, /home/vinayaka/project_ws/devel/share/hector_uav_msgs/msg/PoseResult.msg)
Linked: (/home/vinayaka/project_ws/devel/.private/hector_uav_msgs/share/roseus/ros/hector_uav_msgs/manifest.l, /home/vinayaka/project_ws/devel/share/roseus/ros/hector_uav_msgs/manifest.l)
Linked: (/home/vinayaka/project_ws/devel/.private/hector_uav_msgs/share/roseus/ros/hector_uav_msgs/srv/EnableMotors.l, /home/vinayaka/project_ws/devel/share/roseus/ros/hector_uav_msgs/srv/EnableMotors.l)
Linked: (/home/vinayaka/project_ws/devel/.private/hector_uav_msgs/share/roseus/ros/hector_uav_msgs/msg/HeightCommand.l, /home/vinayaka/project_ws/devel/share/roseus/ros/hector_uav_msgs/msg/HeightCommand.l)
Linked: (/home/vinayaka/project_ws/devel/.private/hector_uav_msgs/share/roseus/ros/hector_uav_msgs/msg/LandingFeedback.l, /home/vinayaka/project_ws/devel/share/roseus/ros/hector_uav_msgs/msg/LandingFeedback.l)
Linked: (/home/vinayaka/project_ws/devel/.private/hector_uav_msgs/share/roseus/ros/hector_uav_msgs/msg/PositionXYCommand.l, /home/vinayaka/project_ws/devel/share/roseus/ros/hector_uav_msgs/msg/PositionXYCommand.l)
Linked: (/home/vinayaka/project_ws/devel/.private/hector_uav_msgs/share/roseus/ros/hector_uav_msgs/msg/Supply.l, /home/vinayaka/project_ws/devel/share/roseus/ros/hector_uav_msgs/msg/Supply.l)
Linked: (/home/vinayaka/project_ws/devel/.private/hector_uav_msgs/share/roseus/ros/hector_uav_msgs/msg/RawImu.l, /home/vinayaka/project_ws/devel/share/roseus/ros/hector_uav_msgs/msg/RawImu.l)
Linked: (/home/vinayaka/project_ws/devel/.private/hector_uav_msgs/share/roseus/ros/hector_uav_msgs/msg/LandingActionResult.l, /home/vinayaka/project_ws/devel/share/roseus/ros/hector_uav_msgs/msg/LandingActionResult.l)
Linked: (/home/vinayaka/project_ws/devel/.private/hector_uav_msgs/share/roseus/ros/hector_uav_msgs/msg/Compass.l, /home/vinayaka/project_ws/devel/share/roseus/ros/hector_uav_msgs/msg/Compass.l)
Linked: (/home/vinayaka/project_ws/devel/.private/hector_uav_msgs/share/roseus/ros/hector_uav_msgs/msg/Altimeter.l, /home/vinayaka/project_ws/devel/share/roseus/ros/hector_uav_msgs/msg/Altimeter.l)
Linked: (/home/vinayaka/project_ws/devel/.private/hector_uav_msgs/share/roseus/ros/hector_uav_msgs/msg/HeadingCommand.l, /home/vinayaka/project_ws/devel/share/roseus/ros/hector_uav_msgs/msg/HeadingCommand.l)
Linked: (/home/vinayaka/project_ws/devel/.private/hector_uav_msgs/share/roseus/ros/hector_uav_msgs/msg/RuddersCommand.l, /home/vinayaka/project_ws/devel/share/roseus/ros/hector_uav_msgs/msg/RuddersCommand.l)
Linked: (/home/vinayaka/project_ws/devel/.private/hector_uav_msgs/share/roseus/ros/hector_uav_msgs/msg/VelocityXYCommand.l, /home/vinayaka/project_ws/devel/share/roseus/ros/hector_uav_msgs/msg/VelocityXYCommand.l)
Linked: (/home/vinayaka/project_ws/devel/.private/hector_uav_msgs/share/roseus/ros/hector_uav_msgs/msg/RawMagnetic.l, /home/vinayaka/project_ws/devel/share/roseus/ros/hector_uav_msgs/msg/RawMagnetic.l)
Linked: (/home/vinayaka/project_ws/devel/.private/hector_uav_msgs/share/roseus/ros/hector_uav_msgs/msg/LandingActionGoal.l, /home/vinayaka/project_ws/devel/share/roseus/ros/hector_uav_msgs/msg/LandingActionGoal.l)
Linked: (/home/vinayaka/project_ws/devel/.private/hector_uav_msgs/share/roseus/ros/hector_uav_msgs/msg/AttitudeCommand.l, /home/vinayaka/project_ws/devel/share/roseus/ros/hector_uav_msgs/msg/AttitudeCommand.l)
Linked: (/home/vinayaka/project_ws/devel/.private/hector_uav_msgs/share/roseus/ros/hector_uav_msgs/msg/TakeoffActionResult.l, /home/vinayaka/project_ws/devel/share/roseus/ros/hector_uav_msgs/msg/TakeoffActionResult.l)
Linked: (/home/vinayaka/project_ws/devel/.private/hector_uav_msgs/share/roseus/ros/hector_uav_msgs/msg/TakeoffActionGoal.l, /home/vinayaka/project_ws/devel/share/roseus/ros/hector_uav_msgs/msg/TakeoffActionGoal.l)
Linked: (/home/vinayaka/project_ws/devel/.private/hector_uav_msgs/share/roseus/ros/hector_uav_msgs/msg/TakeoffResult.l, /home/vinayaka/project_ws/devel/share/roseus/ros/hector_uav_msgs/msg/TakeoffResult.l)
Linked: (/home/vinayaka/project_ws/devel/.private/hector_uav_msgs/share/roseus/ros/hector_uav_msgs/msg/LandingGoal.l, /home/vinayaka/project_ws/devel/share/roseus/ros/hector_uav_msgs/msg/LandingGoal.l)
Linked: (/home/vinayaka/project_ws/devel/.private/hector_uav_msgs/share/roseus/ros/hector_uav_msgs/msg/PoseActionResult.l, /home/vinayaka/project_ws/devel/share/roseus/ros/hector_uav_msgs/msg/PoseActionResult.l)
Linked: (/home/vinayaka/project_ws/devel/.private/hector_uav_msgs/share/roseus/ros/hector_uav_msgs/msg/ThrustCommand.l, /home/vinayaka/project_ws/devel/share/roseus/ros/hector_uav_msgs/msg/ThrustCommand.l)
Linked: (/home/vinayaka/project_ws/devel/.private/hector_uav_msgs/share/roseus/ros/hector_uav_msgs/msg/PoseFeedback.l, /home/vinayaka/project_ws/devel/share/roseus/ros/hector_uav_msgs/msg/PoseFeedback.l)
Linked: (/home/vinayaka/project_ws/devel/.private/hector_uav_msgs/share/roseus/ros/hector_uav_msgs/msg/TakeoffFeedback.l, /home/vinayaka/project_ws/devel/share/roseus/ros/hector_uav_msgs/msg/TakeoffFeedback.l)
Linked: (/home/vinayaka/project_ws/devel/.private/hector_uav_msgs/share/roseus/ros/hector_uav_msgs/msg/MotorStatus.l, /home/vinayaka/project_ws/devel/share/roseus/ros/hector_uav_msgs/msg/MotorStatus.l)
Linked: (/home/vinayaka/project_ws/devel/.private/hector_uav_msgs/share/roseus/ros/hector_uav_msgs/msg/TakeoffActionFeedback.l, /home/vinayaka/project_ws/devel/share/roseus/ros/hector_uav_msgs/msg/TakeoffActionFeedback.l)
Linked: (/home/vinayaka/project_ws/devel/.private/hector_uav_msgs/share/roseus/ros/hector_uav_msgs/msg/ServoCommand.l, /home/vinayaka/project_ws/devel/share/roseus/ros/hector_uav_msgs/msg/ServoCommand.l)
Linked: (/home/vinayaka/project_ws/devel/.private/hector_uav_msgs/share/roseus/ros/hector_uav_msgs/msg/MotorPWM.l, /home/vinayaka/project_ws/devel/share/roseus/ros/hector_uav_msgs/msg/MotorPWM.l)
Linked: (/home/vinayaka/project_ws/devel/.private/hector_uav_msgs/share/roseus/ros/hector_uav_msgs/msg/VelocityZCommand.l, /home/vinayaka/project_ws/devel/share/roseus/ros/hector_uav_msgs/msg/VelocityZCommand.l)
Linked: (/home/vinayaka/project_ws/devel/.private/hector_uav_msgs/share/roseus/ros/hector_uav_msgs/msg/PoseAction.l, /home/vinayaka/project_ws/devel/share/roseus/ros/hector_uav_msgs/msg/PoseAction.l)
Linked: (/home/vinayaka/project_ws/devel/.private/hector_uav_msgs/share/roseus/ros/hector_uav_msgs/msg/ControllerState.l, /home/vinayaka/project_ws/devel/share/roseus/ros/hector_uav_msgs/msg/ControllerState.l)
Linked: (/home/vinayaka/project_ws/devel/.private/hector_uav_msgs/share/roseus/ros/hector_uav_msgs/msg/PoseGoal.l, /home/vinayaka/project_ws/devel/share/roseus/ros/hector_uav_msgs/msg/PoseGoal.l)
Linked: (/home/vinayaka/project_ws/devel/.private/hector_uav_msgs/share/roseus/ros/hector_uav_msgs/msg/TakeoffGoal.l, /home/vinayaka/project_ws/devel/share/roseus/ros/hector_uav_msgs/msg/TakeoffGoal.l)
Linked: (/home/vinayaka/project_ws/devel/.private/hector_uav_msgs/share/roseus/ros/hector_uav_msgs/msg/LandingResult.l, /home/vinayaka/project_ws/devel/share/roseus/ros/hector_uav_msgs/msg/LandingResult.l)
Linked: (/home/vinayaka/project_ws/devel/.private/hector_uav_msgs/share/roseus/ros/hector_uav_msgs/msg/LandingAction.l, /home/vinayaka/project_ws/devel/share/roseus/ros/hector_uav_msgs/msg/LandingAction.l)
Linked: (/home/vinayaka/project_ws/devel/.private/hector_uav_msgs/share/roseus/ros/hector_uav_msgs/msg/LandingActionFeedback.l, /home/vinayaka/project_ws/devel/share/roseus/ros/hector_uav_msgs/msg/LandingActionFeedback.l)
Linked: (/home/vinayaka/project_ws/devel/.private/hector_uav_msgs/share/roseus/ros/hector_uav_msgs/msg/TakeoffAction.l, /home/vinayaka/project_ws/devel/share/roseus/ros/hector_uav_msgs/msg/TakeoffAction.l)
Linked: (/home/vinayaka/project_ws/devel/.private/hector_uav_msgs/share/roseus/ros/hector_uav_msgs/msg/MotorCommand.l, /home/vinayaka/project_ws/devel/share/roseus/ros/hector_uav_msgs/msg/MotorCommand.l)
Linked: (/home/vinayaka/project_ws/devel/.private/hector_uav_msgs/share/roseus/ros/hector_uav_msgs/msg/RC.l, /home/vinayaka/project_ws/devel/share/roseus/ros/hector_uav_msgs/msg/RC.l)
Linked: (/home/vinayaka/project_ws/devel/.private/hector_uav_msgs/share/roseus/ros/hector_uav_msgs/msg/RawRC.l, /home/vinayaka/project_ws/devel/share/roseus/ros/hector_uav_msgs/msg/RawRC.l)
Linked: (/home/vinayaka/project_ws/devel/.private/hector_uav_msgs/share/roseus/ros/hector_uav_msgs/msg/PoseResult.l, /home/vinayaka/project_ws/devel/share/roseus/ros/hector_uav_msgs/msg/PoseResult.l)
Linked: (/home/vinayaka/project_ws/devel/.private/hector_uav_msgs/share/roseus/ros/hector_uav_msgs/msg/YawrateCommand.l, /home/vinayaka/project_ws/devel/share/roseus/ros/hector_uav_msgs/msg/YawrateCommand.l)
Linked: (/home/vinayaka/project_ws/devel/.private/hector_uav_msgs/share/roseus/ros/hector_uav_msgs/msg/PoseActionFeedback.l, /home/vinayaka/project_ws/devel/share/roseus/ros/hector_uav_msgs/msg/PoseActionFeedback.l)
Linked: (/home/vinayaka/project_ws/devel/.private/hector_uav_msgs/share/roseus/ros/hector_uav_msgs/msg/PoseActionGoal.l, /home/vinayaka/project_ws/devel/share/roseus/ros/hector_uav_msgs/msg/PoseActionGoal.l)
Linked: (/home/vinayaka/project_ws/devel/.private/hector_uav_msgs/share/common-lisp/ros/hector_uav_msgs/srv/_package.lisp, /home/vinayaka/project_ws/devel/share/common-lisp/ros/hector_uav_msgs/srv/_package.lisp)
Linked: (/home/vinayaka/project_ws/devel/.private/hector_uav_msgs/share/common-lisp/ros/hector_uav_msgs/srv/EnableMotors.lisp, /home/vinayaka/project_ws/devel/share/common-lisp/ros/hector_uav_msgs/srv/EnableMotors.lisp)
Linked: (/home/vinayaka/project_ws/devel/.private/hector_uav_msgs/share/common-lisp/ros/hector_uav_msgs/srv/_package_EnableMotors.lisp, /home/vinayaka/project_ws/devel/share/common-lisp/ros/hector_uav_msgs/srv/_package_EnableMotors.lisp)
Linked: (/home/vinayaka/project_ws/devel/.private/hector_uav_msgs/share/common-lisp/ros/hector_uav_msgs/srv/hector_uav_msgs-srv.asd, /home/vinayaka/project_ws/devel/share/common-lisp/ros/hector_uav_msgs/srv/hector_uav_msgs-srv.asd)
Linked: (/home/vinayaka/project_ws/devel/.private/hector_uav_msgs/share/common-lisp/ros/hector_uav_msgs/msg/VelocityXYCommand.lisp, /home/vinayaka/project_ws/devel/share/common-lisp/ros/hector_uav_msgs/msg/VelocityXYCommand.lisp)
Linked: (/home/vinayaka/project_ws/devel/.private/hector_uav_msgs/share/common-lisp/ros/hector_uav_msgs/msg/Supply.lisp, /home/vinayaka/project_ws/devel/share/common-lisp/ros/hector_uav_msgs/msg/Supply.lisp)
Linked: (/home/vinayaka/project_ws/devel/.private/hector_uav_msgs/share/common-lisp/ros/hector_uav_msgs/msg/ControllerState.lisp, /home/vinayaka/project_ws/devel/share/common-lisp/ros/hector_uav_msgs/msg/ControllerState.lisp)
Linked: (/home/vinayaka/project_ws/devel/.private/hector_uav_msgs/share/common-lisp/ros/hector_uav_msgs/msg/_package_LandingResult.lisp, /home/vinayaka/project_ws/devel/share/common-lisp/ros/hector_uav_msgs/msg/_package_LandingResult.lisp)
Linked: (/home/vinayaka/project_ws/devel/.private/hector_uav_msgs/share/common-lisp/ros/hector_uav_msgs/msg/_package.lisp, /home/vinayaka/project_ws/devel/share/common-lisp/ros/hector_uav_msgs/msg/_package.lisp)
Linked: (/home/vinayaka/project_ws/devel/.private/hector_uav_msgs/share/common-lisp/ros/hector_uav_msgs/msg/_package_LandingActionResult.lisp, /home/vinayaka/project_ws/devel/share/common-lisp/ros/hector_uav_msgs/msg/_package_LandingActionResult.lisp)
Linked: (/home/vinayaka/project_ws/devel/.private/hector_uav_msgs/share/common-lisp/ros/hector_uav_msgs/msg/MotorCommand.lisp, /home/vinayaka/project_ws/devel/share/common-lisp/ros/hector_uav_msgs/msg/MotorCommand.lisp)
Linked: (/home/vinayaka/project_ws/devel/.private/hector_uav_msgs/share/common-lisp/ros/hector_uav_msgs/msg/_package_Compass.lisp, /home/vinayaka/project_ws/devel/share/common-lisp/ros/hector_uav_msgs/msg/_package_Compass.lisp)
Linked: (/home/vinayaka/project_ws/devel/.private/hector_uav_msgs/share/common-lisp/ros/hector_uav_msgs/msg/_package_LandingActionFeedback.lisp, /home/vinayaka/project_ws/devel/share/common-lisp/ros/hector_uav_msgs/msg/_package_LandingActionFeedback.lisp)
Linked: (/home/vinayaka/project_ws/devel/.private/hector_uav_msgs/share/common-lisp/ros/hector_uav_msgs/msg/hector_uav_msgs-msg.asd, /home/vinayaka/project_ws/devel/share/common-lisp/ros/hector_uav_msgs/msg/hector_uav_msgs-msg.asd)
Linked: (/home/vinayaka/project_ws/devel/.private/hector_uav_msgs/share/common-lisp/ros/hector_uav_msgs/msg/VelocityZCommand.lisp, /home/vinayaka/project_ws/devel/share/common-lisp/ros/hector_uav_msgs/msg/VelocityZCommand.lisp)
Linked: (/home/vinayaka/project_ws/devel/.private/hector_uav_msgs/share/common-lisp/ros/hector_uav_msgs/msg/PoseGoal.lisp, /home/vinayaka/project_ws/devel/share/common-lisp/ros/hector_uav_msgs/msg/PoseGoal.lisp)
Linked: (/home/vinayaka/project_ws/devel/.private/hector_uav_msgs/share/common-lisp/ros/hector_uav_msgs/msg/_package_TakeoffActionResult.lisp, /home/vinayaka/project_ws/devel/share/common-lisp/ros/hector_uav_msgs/msg/_package_TakeoffActionResult.lisp)
Linked: (/home/vinayaka/project_ws/devel/.private/hector_uav_msgs/share/common-lisp/ros/hector_uav_msgs/msg/MotorPWM.lisp, /home/vinayaka/project_ws/devel/share/common-lisp/ros/hector_uav_msgs/msg/MotorPWM.lisp)
Linked: (/home/vinayaka/project_ws/devel/.private/hector_uav_msgs/share/common-lisp/ros/hector_uav_msgs/msg/PoseActionResult.lisp, /home/vinayaka/project_ws/devel/share/common-lisp/ros/hector_uav_msgs/msg/PoseActionResult.lisp)
Linked: (/home/vinayaka/project_ws/devel/.private/hector_uav_msgs/share/common-lisp/ros/hector_uav_msgs/msg/_package_RawMagnetic.lisp, /home/vinayaka/project_ws/devel/share/common-lisp/ros/hector_uav_msgs/msg/_package_RawMagnetic.lisp)
Linked: (/home/vinayaka/project_ws/devel/.private/hector_uav_msgs/share/common-lisp/ros/hector_uav_msgs/msg/LandingActionGoal.lisp, /home/vinayaka/project_ws/devel/share/common-lisp/ros/hector_uav_msgs/msg/LandingActionGoal.lisp)
Linked: (/home/vinayaka/project_ws/devel/.private/hector_uav_msgs/share/common-lisp/ros/hector_uav_msgs/msg/_package_LandingActionGoal.lisp, /home/vinayaka/project_ws/devel/share/common-lisp/ros/hector_uav_msgs/msg/_package_LandingActionGoal.lisp)
Linked: (/home/vinayaka/project_ws/devel/.private/hector_uav_msgs/share/common-lisp/ros/hector_uav_msgs/msg/_package_RC.lisp, /home/vinayaka/project_ws/devel/share/common-lisp/ros/hector_uav_msgs/msg/_package_RC.lisp)
Linked: (/home/vinayaka/project_ws/devel/.private/hector_uav_msgs/share/common-lisp/ros/hector_uav_msgs/msg/YawrateCommand.lisp, /home/vinayaka/project_ws/devel/share/common-lisp/ros/hector_uav_msgs/msg/YawrateCommand.lisp)
Linked: (/home/vinayaka/project_ws/devel/.private/hector_uav_msgs/share/common-lisp/ros/hector_uav_msgs/msg/_package_RawRC.lisp, /home/vinayaka/project_ws/devel/share/common-lisp/ros/hector_uav_msgs/msg/_package_RawRC.lisp)
Linked: (/home/vinayaka/project_ws/devel/.private/hector_uav_msgs/share/common-lisp/ros/hector_uav_msgs/msg/TakeoffActionFeedback.lisp, /home/vinayaka/project_ws/devel/share/common-lisp/ros/hector_uav_msgs/msg/TakeoffActionFeedback.lisp)
Linked: (/home/vinayaka/project_ws/devel/.private/hector_uav_msgs/share/common-lisp/ros/hector_uav_msgs/msg/_package_HeadingCommand.lisp, /home/vinayaka/project_ws/devel/share/common-lisp/ros/hector_uav_msgs/msg/_package_HeadingCommand.lisp)
Linked: (/home/vinayaka/project_ws/devel/.private/hector_uav_msgs/share/common-lisp/ros/hector_uav_msgs/msg/_package_TakeoffActionFeedback.lisp, /home/vinayaka/project_ws/devel/share/common-lisp/ros/hector_uav_msgs/msg/_package_TakeoffActionFeedback.lisp)
Linked: (/home/vinayaka/project_ws/devel/.private/hector_uav_msgs/share/common-lisp/ros/hector_uav_msgs/msg/_package_ServoCommand.lisp, /home/vinayaka/project_ws/devel/share/common-lisp/ros/hector_uav_msgs/msg/_package_ServoCommand.lisp)
Linked: (/home/vinayaka/project_ws/devel/.private/hector_uav_msgs/share/common-lisp/ros/hector_uav_msgs/msg/_package_PositionXYCommand.lisp, /home/vinayaka/project_ws/devel/share/common-lisp/ros/hector_uav_msgs/msg/_package_PositionXYCommand.lisp)
Linked: (/home/vinayaka/project_ws/devel/.private/hector_uav_msgs/share/common-lisp/ros/hector_uav_msgs/msg/_package_ControllerState.lisp, /home/vinayaka/project_ws/devel/share/common-lisp/ros/hector_uav_msgs/msg/_package_ControllerState.lisp)
Linked: (/home/vinayaka/project_ws/devel/.private/hector_uav_msgs/share/common-lisp/ros/hector_uav_msgs/msg/LandingActionResult.lisp, /home/vinayaka/project_ws/devel/share/common-lisp/ros/hector_uav_msgs/msg/LandingActionResult.lisp)
Linked: (/home/vinayaka/project_ws/devel/.private/hector_uav_msgs/share/common-lisp/ros/hector_uav_msgs/msg/_package_VelocityXYCommand.lisp, /home/vinayaka/project_ws/devel/share/common-lisp/ros/hector_uav_msgs/msg/_package_VelocityXYCommand.lisp)
Linked: (/home/vinayaka/project_ws/devel/.private/hector_uav_msgs/share/common-lisp/ros/hector_uav_msgs/msg/_package_MotorPWM.lisp, /home/vinayaka/project_ws/devel/share/common-lisp/ros/hector_uav_msgs/msg/_package_MotorPWM.lisp)
Linked: (/home/vinayaka/project_ws/devel/.private/hector_uav_msgs/share/common-lisp/ros/hector_uav_msgs/msg/_package_TakeoffAction.lisp, /home/vinayaka/project_ws/devel/share/common-lisp/ros/hector_uav_msgs/msg/_package_TakeoffAction.lisp)
Linked: (/home/vinayaka/project_ws/devel/.private/hector_uav_msgs/share/common-lisp/ros/hector_uav_msgs/msg/RawRC.lisp, /home/vinayaka/project_ws/devel/share/common-lisp/ros/hector_uav_msgs/msg/RawRC.lisp)
Linked: (/home/vinayaka/project_ws/devel/.private/hector_uav_msgs/share/common-lisp/ros/hector_uav_msgs/msg/LandingResult.lisp, /home/vinayaka/project_ws/devel/share/common-lisp/ros/hector_uav_msgs/msg/LandingResult.lisp)
Linked: (/home/vinayaka/project_ws/devel/.private/hector_uav_msgs/share/common-lisp/ros/hector_uav_msgs/msg/RawImu.lisp, /home/vinayaka/project_ws/devel/share/common-lisp/ros/hector_uav_msgs/msg/RawImu.lisp)
Linked: (/home/vinayaka/project_ws/devel/.private/hector_uav_msgs/share/common-lisp/ros/hector_uav_msgs/msg/Compass.lisp, /home/vinayaka/project_ws/devel/share/common-lisp/ros/hector_uav_msgs/msg/Compass.lisp)
Linked: (/home/vinayaka/project_ws/devel/.private/hector_uav_msgs/share/common-lisp/ros/hector_uav_msgs/msg/_package_LandingFeedback.lisp, /home/vinayaka/project_ws/devel/share/common-lisp/ros/hector_uav_msgs/msg/_package_LandingFeedback.lisp)
Linked: (/home/vinayaka/project_ws/devel/.private/hector_uav_msgs/share/common-lisp/ros/hector_uav_msgs/msg/LandingGoal.lisp, /home/vinayaka/project_ws/devel/share/common-lisp/ros/hector_uav_msgs/msg/LandingGoal.lisp)
Linked: (/home/vinayaka/project_ws/devel/.private/hector_uav_msgs/share/common-lisp/ros/hector_uav_msgs/msg/_package_Altimeter.lisp, /home/vinayaka/project_ws/devel/share/common-lisp/ros/hector_uav_msgs/msg/_package_Altimeter.lisp)
Linked: (/home/vinayaka/project_ws/devel/.private/hector_uav_msgs/share/common-lisp/ros/hector_uav_msgs/msg/_package_PoseActionFeedback.lisp, /home/vinayaka/project_ws/devel/share/common-lisp/ros/hector_uav_msgs/msg/_package_PoseActionFeedback.lisp)
Linked: (/home/vinayaka/project_ws/devel/.private/hector_uav_msgs/share/common-lisp/ros/hector_uav_msgs/msg/LandingFeedback.lisp, /home/vinayaka/project_ws/devel/share/common-lisp/ros/hector_uav_msgs/msg/LandingFeedback.lisp)
Linked: (/home/vinayaka/project_ws/devel/.private/hector_uav_msgs/share/common-lisp/ros/hector_uav_msgs/msg/_package_PoseAction.lisp, /home/vinayaka/project_ws/devel/share/common-lisp/ros/hector_uav_msgs/msg/_package_PoseAction.lisp)
Linked: (/home/vinayaka/project_ws/devel/.private/hector_uav_msgs/share/common-lisp/ros/hector_uav_msgs/msg/HeightCommand.lisp, /home/vinayaka/project_ws/devel/share/common-lisp/ros/hector_uav_msgs/msg/HeightCommand.lisp)
Linked: (/home/vinayaka/project_ws/devel/.private/hector_uav_msgs/share/common-lisp/ros/hector_uav_msgs/msg/_package_HeightCommand.lisp, /home/vinayaka/project_ws/devel/share/common-lisp/ros/hector_uav_msgs/msg/_package_HeightCommand.lisp)
Linked: (/home/vinayaka/project_ws/devel/.private/hector_uav_msgs/share/common-lisp/ros/hector_uav_msgs/msg/_package_RuddersCommand.lisp, /home/vinayaka/project_ws/devel/share/common-lisp/ros/hector_uav_msgs/msg/_package_RuddersCommand.lisp)
Linked: (/home/vinayaka/project_ws/devel/.private/hector_uav_msgs/share/common-lisp/ros/hector_uav_msgs/msg/ServoCommand.lisp, /home/vinayaka/project_ws/devel/share/common-lisp/ros/hector_uav_msgs/msg/ServoCommand.lisp)
Linked: (/home/vinayaka/project_ws/devel/.private/hector_uav_msgs/share/common-lisp/ros/hector_uav_msgs/msg/PositionXYCommand.lisp, /home/vinayaka/project_ws/devel/share/common-lisp/ros/hector_uav_msgs/msg/PositionXYCommand.lisp)
Linked: (/home/vinayaka/project_ws/devel/.private/hector_uav_msgs/share/common-lisp/ros/hector_uav_msgs/msg/_package_LandingGoal.lisp, /home/vinayaka/project_ws/devel/share/common-lisp/ros/hector_uav_msgs/msg/_package_LandingGoal.lisp)
Linked: (/home/vinayaka/project_ws/devel/.private/hector_uav_msgs/share/common-lisp/ros/hector_uav_msgs/msg/RC.lisp, /home/vinayaka/project_ws/devel/share/common-lisp/ros/hector_uav_msgs/msg/RC.lisp)
Linked: (/home/vinayaka/project_ws/devel/.private/hector_uav_msgs/share/common-lisp/ros/hector_uav_msgs/msg/_package_LandingAction.lisp, /home/vinayaka/project_ws/devel/share/common-lisp/ros/hector_uav_msgs/msg/_package_LandingAction.lisp)
Linked: (/home/vinayaka/project_ws/devel/.private/hector_uav_msgs/share/common-lisp/ros/hector_uav_msgs/msg/_package_MotorStatus.lisp, /home/vinayaka/project_ws/devel/share/common-lisp/ros/hector_uav_msgs/msg/_package_MotorStatus.lisp)
Linked: (/home/vinayaka/project_ws/devel/.private/hector_uav_msgs/share/common-lisp/ros/hector_uav_msgs/msg/RawMagnetic.lisp, /home/vinayaka/project_ws/devel/share/common-lisp/ros/hector_uav_msgs/msg/RawMagnetic.lisp)
Linked: (/home/vinayaka/project_ws/devel/.private/hector_uav_msgs/share/common-lisp/ros/hector_uav_msgs/msg/Altimeter.lisp, /home/vinayaka/project_ws/devel/share/common-lisp/ros/hector_uav_msgs/msg/Altimeter.lisp)
Linked: (/home/vinayaka/project_ws/devel/.private/hector_uav_msgs/share/common-lisp/ros/hector_uav_msgs/msg/MotorStatus.lisp, /home/vinayaka/project_ws/devel/share/common-lisp/ros/hector_uav_msgs/msg/MotorStatus.lisp)
Linked: (/home/vinayaka/project_ws/devel/.private/hector_uav_msgs/share/common-lisp/ros/hector_uav_msgs/msg/_package_Supply.lisp, /home/vinayaka/project_ws/devel/share/common-lisp/ros/hector_uav_msgs/msg/_package_Supply.lisp)
Linked: (/home/vinayaka/project_ws/devel/.private/hector_uav_msgs/share/common-lisp/ros/hector_uav_msgs/msg/_package_TakeoffGoal.lisp, /home/vinayaka/project_ws/devel/share/common-lisp/ros/hector_uav_msgs/msg/_package_TakeoffGoal.lisp)
Linked: (/home/vinayaka/project_ws/devel/.private/hector_uav_msgs/share/common-lisp/ros/hector_uav_msgs/msg/TakeoffGoal.lisp, /home/vinayaka/project_ws/devel/share/common-lisp/ros/hector_uav_msgs/msg/TakeoffGoal.lisp)
Linked: (/home/vinayaka/project_ws/devel/.private/hector_uav_msgs/share/common-lisp/ros/hector_uav_msgs/msg/TakeoffFeedback.lisp, /home/vinayaka/project_ws/devel/share/common-lisp/ros/hector_uav_msgs/msg/TakeoffFeedback.lisp)
Linked: (/home/vinayaka/project_ws/devel/.private/hector_uav_msgs/share/common-lisp/ros/hector_uav_msgs/msg/PoseFeedback.lisp, /home/vinayaka/project_ws/devel/share/common-lisp/ros/hector_uav_msgs/msg/PoseFeedback.lisp)
Linked: (/home/vinayaka/project_ws/devel/.private/hector_uav_msgs/share/common-lisp/ros/hector_uav_msgs/msg/_package_RawImu.lisp, /home/vinayaka/project_ws/devel/share/common-lisp/ros/hector_uav_msgs/msg/_package_RawImu.lisp)
Linked: (/home/vinayaka/project_ws/devel/.private/hector_uav_msgs/share/common-lisp/ros/hector_uav_msgs/msg/ThrustCommand.lisp, /home/vinayaka/project_ws/devel/share/common-lisp/ros/hector_uav_msgs/msg/ThrustCommand.lisp)
Linked: (/home/vinayaka/project_ws/devel/.private/hector_uav_msgs/share/common-lisp/ros/hector_uav_msgs/msg/TakeoffAction.lisp, /home/vinayaka/project_ws/devel/share/common-lisp/ros/hector_uav_msgs/msg/TakeoffAction.lisp)
Linked: (/home/vinayaka/project_ws/devel/.private/hector_uav_msgs/share/common-lisp/ros/hector_uav_msgs/msg/_package_PoseResult.lisp, /home/vinayaka/project_ws/devel/share/common-lisp/ros/hector_uav_msgs/msg/_package_PoseResult.lisp)
Linked: (/home/vinayaka/project_ws/devel/.private/hector_uav_msgs/share/common-lisp/ros/hector_uav_msgs/msg/_package_PoseFeedback.lisp, /home/vinayaka/project_ws/devel/share/common-lisp/ros/hector_uav_msgs/msg/_package_PoseFeedback.lisp)
Linked: (/home/vinayaka/project_ws/devel/.private/hector_uav_msgs/share/common-lisp/ros/hector_uav_msgs/msg/LandingActionFeedback.lisp, /home/vinayaka/project_ws/devel/share/common-lisp/ros/hector_uav_msgs/msg/LandingActionFeedback.lisp)
Linked: (/home/vinayaka/project_ws/devel/.private/hector_uav_msgs/share/common-lisp/ros/hector_uav_msgs/msg/_package_ThrustCommand.lisp, /home/vinayaka/project_ws/devel/share/common-lisp/ros/hector_uav_msgs/msg/_package_ThrustCommand.lisp)
Linked: (/home/vinayaka/project_ws/devel/.private/hector_uav_msgs/share/common-lisp/ros/hector_uav_msgs/msg/_package_VelocityZCommand.lisp, /home/vinayaka/project_ws/devel/share/common-lisp/ros/hector_uav_msgs/msg/_package_VelocityZCommand.lisp)
Linked: (/home/vinayaka/project_ws/devel/.private/hector_uav_msgs/share/common-lisp/ros/hector_uav_msgs/msg/_package_PoseActionResult.lisp, /home/vinayaka/project_ws/devel/share/common-lisp/ros/hector_uav_msgs/msg/_package_PoseActionResult.lisp)
Linked: (/home/vinayaka/project_ws/devel/.private/hector_uav_msgs/share/common-lisp/ros/hector_uav_msgs/msg/TakeoffResult.lisp, /home/vinayaka/project_ws/devel/share/common-lisp/ros/hector_uav_msgs/msg/TakeoffResult.lisp)
Linked: (/home/vinayaka/project_ws/devel/.private/hector_uav_msgs/share/common-lisp/ros/hector_uav_msgs/msg/_package_PoseActionGoal.lisp, /home/vinayaka/project_ws/devel/share/common-lisp/ros/hector_uav_msgs/msg/_package_PoseActionGoal.lisp)
Linked: (/home/vinayaka/project_ws/devel/.private/hector_uav_msgs/share/common-lisp/ros/hector_uav_msgs/msg/PoseActionGoal.lisp, /home/vinayaka/project_ws/devel/share/common-lisp/ros/hector_uav_msgs/msg/PoseActionGoal.lisp)
Linked: (/home/vinayaka/project_ws/devel/.private/hector_uav_msgs/share/common-lisp/ros/hector_uav_msgs/msg/_package_TakeoffResult.lisp, /home/vinayaka/project_ws/devel/share/common-lisp/ros/hector_uav_msgs/msg/_package_TakeoffResult.lisp)
Linked: (/home/vinayaka/project_ws/devel/.private/hector_uav_msgs/share/common-lisp/ros/hector_uav_msgs/msg/_package_TakeoffFeedback.lisp, /home/vinayaka/project_ws/devel/share/common-lisp/ros/hector_uav_msgs/msg/_package_TakeoffFeedback.lisp)
Linked: (/home/vinayaka/project_ws/devel/.private/hector_uav_msgs/share/common-lisp/ros/hector_uav_msgs/msg/_package_YawrateCommand.lisp, /home/vinayaka/project_ws/devel/share/common-lisp/ros/hector_uav_msgs/msg/_package_YawrateCommand.lisp)
Linked: (/home/vinayaka/project_ws/devel/.private/hector_uav_msgs/share/common-lisp/ros/hector_uav_msgs/msg/HeadingCommand.lisp, /home/vinayaka/project_ws/devel/share/common-lisp/ros/hector_uav_msgs/msg/HeadingCommand.lisp)
Linked: (/home/vinayaka/project_ws/devel/.private/hector_uav_msgs/share/common-lisp/ros/hector_uav_msgs/msg/LandingAction.lisp, /home/vinayaka/project_ws/devel/share/common-lisp/ros/hector_uav_msgs/msg/LandingAction.lisp)
Linked: (/home/vinayaka/project_ws/devel/.private/hector_uav_msgs/share/common-lisp/ros/hector_uav_msgs/msg/_package_AttitudeCommand.lisp, /home/vinayaka/project_ws/devel/share/common-lisp/ros/hector_uav_msgs/msg/_package_AttitudeCommand.lisp)
Linked: (/home/vinayaka/project_ws/devel/.private/hector_uav_msgs/share/common-lisp/ros/hector_uav_msgs/msg/_package_MotorCommand.lisp, /home/vinayaka/project_ws/devel/share/common-lisp/ros/hector_uav_msgs/msg/_package_MotorCommand.lisp)
Linked: (/home/vinayaka/project_ws/devel/.private/hector_uav_msgs/share/common-lisp/ros/hector_uav_msgs/msg/PoseAction.lisp, /home/vinayaka/project_ws/devel/share/common-lisp/ros/hector_uav_msgs/msg/PoseAction.lisp)
Linked: (/home/vinayaka/project_ws/devel/.private/hector_uav_msgs/share/common-lisp/ros/hector_uav_msgs/msg/_package_TakeoffActionGoal.lisp, /home/vinayaka/project_ws/devel/share/common-lisp/ros/hector_uav_msgs/msg/_package_TakeoffActionGoal.lisp)
Linked: (/home/vinayaka/project_ws/devel/.private/hector_uav_msgs/share/common-lisp/ros/hector_uav_msgs/msg/TakeoffActionResult.lisp, /home/vinayaka/project_ws/devel/share/common-lisp/ros/hector_uav_msgs/msg/TakeoffActionResult.lisp)
Linked: (/home/vinayaka/project_ws/devel/.private/hector_uav_msgs/share/common-lisp/ros/hector_uav_msgs/msg/AttitudeCommand.lisp, /home/vinayaka/project_ws/devel/share/common-lisp/ros/hector_uav_msgs/msg/AttitudeCommand.lisp)
Linked: (/home/vinayaka/project_ws/devel/.private/hector_uav_msgs/share/common-lisp/ros/hector_uav_msgs/msg/RuddersCommand.lisp, /home/vinayaka/project_ws/devel/share/common-lisp/ros/hector_uav_msgs/msg/RuddersCommand.lisp)
Linked: (/home/vinayaka/project_ws/devel/.private/hector_uav_msgs/share/common-lisp/ros/hector_uav_msgs/msg/_package_PoseGoal.lisp, /home/vinayaka/project_ws/devel/share/common-lisp/ros/hector_uav_msgs/msg/_package_PoseGoal.lisp)
Linked: (/home/vinayaka/project_ws/devel/.private/hector_uav_msgs/share/common-lisp/ros/hector_uav_msgs/msg/PoseResult.lisp, /home/vinayaka/project_ws/devel/share/common-lisp/ros/hector_uav_msgs/msg/PoseResult.lisp)
Linked: (/home/vinayaka/project_ws/devel/.private/hector_uav_msgs/share/common-lisp/ros/hector_uav_msgs/msg/TakeoffActionGoal.lisp, /home/vinayaka/project_ws/devel/share/common-lisp/ros/hector_uav_msgs/msg/TakeoffActionGoal.lisp)
Linked: (/home/vinayaka/project_ws/devel/.private/hector_uav_msgs/share/common-lisp/ros/hector_uav_msgs/msg/PoseActionFeedback.lisp, /home/vinayaka/project_ws/devel/share/common-lisp/ros/hector_uav_msgs/msg/PoseActionFeedback.lisp)
Linked: (/home/vinayaka/project_ws/devel/.private/hector_uav_msgs/include/hector_uav_msgs/EnableMotorsRequest.h, /home/vinayaka/project_ws/devel/include/hector_uav_msgs/EnableMotorsRequest.h)
Linked: (/home/vinayaka/project_ws/devel/.private/hector_uav_msgs/include/hector_uav_msgs/EnableMotors.h, /home/vinayaka/project_ws/devel/include/hector_uav_msgs/EnableMotors.h)
Linked: (/home/vinayaka/project_ws/devel/.private/hector_uav_msgs/include/hector_uav_msgs/HeadingCommand.h, /home/vinayaka/project_ws/devel/include/hector_uav_msgs/HeadingCommand.h)
Linked: (/home/vinayaka/project_ws/devel/.private/hector_uav_msgs/include/hector_uav_msgs/TakeoffResult.h, /home/vinayaka/project_ws/devel/include/hector_uav_msgs/TakeoffResult.h)
Linked: (/home/vinayaka/project_ws/devel/.private/hector_uav_msgs/include/hector_uav_msgs/TakeoffAction.h, /home/vinayaka/project_ws/devel/include/hector_uav_msgs/TakeoffAction.h)
Linked: (/home/vinayaka/project_ws/devel/.private/hector_uav_msgs/include/hector_uav_msgs/YawrateCommand.h, /home/vinayaka/project_ws/devel/include/hector_uav_msgs/YawrateCommand.h)
Linked: (/home/vinayaka/project_ws/devel/.private/hector_uav_msgs/include/hector_uav_msgs/EnableMotorsResponse.h, /home/vinayaka/project_ws/devel/include/hector_uav_msgs/EnableMotorsResponse.h)
Linked: (/home/vinayaka/project_ws/devel/.private/hector_uav_msgs/include/hector_uav_msgs/Compass.h, /home/vinayaka/project_ws/devel/include/hector_uav_msgs/Compass.h)
Linked: (/home/vinayaka/project_ws/devel/.private/hector_uav_msgs/include/hector_uav_msgs/RawMagnetic.h, /home/vinayaka/project_ws/devel/include/hector_uav_msgs/RawMagnetic.h)
Linked: (/home/vinayaka/project_ws/devel/.private/hector_uav_msgs/include/hector_uav_msgs/MotorStatus.h, /home/vinayaka/project_ws/devel/include/hector_uav_msgs/MotorStatus.h)
Linked: (/home/vinayaka/project_ws/devel/.private/hector_uav_msgs/include/hector_uav_msgs/TakeoffActionGoal.h, /home/vinayaka/project_ws/devel/include/hector_uav_msgs/TakeoffActionGoal.h)
Linked: (/home/vinayaka/project_ws/devel/.private/hector_uav_msgs/include/hector_uav_msgs/PoseActionFeedback.h, /home/vinayaka/project_ws/devel/include/hector_uav_msgs/PoseActionFeedback.h)
Linked: (/home/vinayaka/project_ws/devel/.private/hector_uav_msgs/include/hector_uav_msgs/PoseActionGoal.h, /home/vinayaka/project_ws/devel/include/hector_uav_msgs/PoseActionGoal.h)
Linked: (/home/vinayaka/project_ws/devel/.private/hector_uav_msgs/include/hector_uav_msgs/Supply.h, /home/vinayaka/project_ws/devel/include/hector_uav_msgs/Supply.h)
Linked: (/home/vinayaka/project_ws/devel/.private/hector_uav_msgs/include/hector_uav_msgs/TakeoffActionResult.h, /home/vinayaka/project_ws/devel/include/hector_uav_msgs/TakeoffActionResult.h)
Linked: (/home/vinayaka/project_ws/devel/.private/hector_uav_msgs/include/hector_uav_msgs/PositionXYCommand.h, /home/vinayaka/project_ws/devel/include/hector_uav_msgs/PositionXYCommand.h)
Linked: (/home/vinayaka/project_ws/devel/.private/hector_uav_msgs/include/hector_uav_msgs/LandingActionResult.h, /home/vinayaka/project_ws/devel/include/hector_uav_msgs/LandingActionResult.h)
Linked: (/home/vinayaka/project_ws/devel/.private/hector_uav_msgs/include/hector_uav_msgs/LandingActionGoal.h, /home/vinayaka/project_ws/devel/include/hector_uav_msgs/LandingActionGoal.h)
Linked: (/home/vinayaka/project_ws/devel/.private/hector_uav_msgs/include/hector_uav_msgs/Altimeter.h, /home/vinayaka/project_ws/devel/include/hector_uav_msgs/Altimeter.h)
Linked: (/home/vinayaka/project_ws/devel/.private/hector_uav_msgs/include/hector_uav_msgs/PoseResult.h, /home/vinayaka/project_ws/devel/include/hector_uav_msgs/PoseResult.h)
Linked: (/home/vinayaka/project_ws/devel/.private/hector_uav_msgs/include/hector_uav_msgs/LandingFeedback.h, /home/vinayaka/project_ws/devel/include/hector_uav_msgs/LandingFeedback.h)
Linked: (/home/vinayaka/project_ws/devel/.private/hector_uav_msgs/include/hector_uav_msgs/ServoCommand.h, /home/vinayaka/project_ws/devel/include/hector_uav_msgs/ServoCommand.h)
Linked: (/home/vinayaka/project_ws/devel/.private/hector_uav_msgs/include/hector_uav_msgs/RC.h, /home/vinayaka/project_ws/devel/include/hector_uav_msgs/RC.h)
Linked: (/home/vinayaka/project_ws/devel/.private/hector_uav_msgs/include/hector_uav_msgs/LandingGoal.h, /home/vinayaka/project_ws/devel/include/hector_uav_msgs/LandingGoal.h)
Linked: (/home/vinayaka/project_ws/devel/.private/hector_uav_msgs/include/hector_uav_msgs/AttitudeCommand.h, /home/vinayaka/project_ws/devel/include/hector_uav_msgs/AttitudeCommand.h)
Linked: (/home/vinayaka/project_ws/devel/.private/hector_uav_msgs/include/hector_uav_msgs/TakeoffFeedback.h, /home/vinayaka/project_ws/devel/include/hector_uav_msgs/TakeoffFeedback.h)
Linked: (/home/vinayaka/project_ws/devel/.private/hector_uav_msgs/include/hector_uav_msgs/RuddersCommand.h, /home/vinayaka/project_ws/devel/include/hector_uav_msgs/RuddersCommand.h)
Linked: (/home/vinayaka/project_ws/devel/.private/hector_uav_msgs/include/hector_uav_msgs/TakeoffGoal.h, /home/vinayaka/project_ws/devel/include/hector_uav_msgs/TakeoffGoal.h)
Linked: (/home/vinayaka/project_ws/devel/.private/hector_uav_msgs/include/hector_uav_msgs/PoseGoal.h, /home/vinayaka/project_ws/devel/include/hector_uav_msgs/PoseGoal.h)
Linked: (/home/vinayaka/project_ws/devel/.private/hector_uav_msgs/include/hector_uav_msgs/LandingAction.h, /home/vinayaka/project_ws/devel/include/hector_uav_msgs/LandingAction.h)
Linked: (/home/vinayaka/project_ws/devel/.private/hector_uav_msgs/include/hector_uav_msgs/MotorCommand.h, /home/vinayaka/project_ws/devel/include/hector_uav_msgs/MotorCommand.h)
Linked: (/home/vinayaka/project_ws/devel/.private/hector_uav_msgs/include/hector_uav_msgs/RawRC.h, /home/vinayaka/project_ws/devel/include/hector_uav_msgs/RawRC.h)
Linked: (/home/vinayaka/project_ws/devel/.private/hector_uav_msgs/include/hector_uav_msgs/PoseActionResult.h, /home/vinayaka/project_ws/devel/include/hector_uav_msgs/PoseActionResult.h)
Linked: (/home/vinayaka/project_ws/devel/.private/hector_uav_msgs/include/hector_uav_msgs/TakeoffActionFeedback.h, /home/vinayaka/project_ws/devel/include/hector_uav_msgs/TakeoffActionFeedback.h)
Linked: (/home/vinayaka/project_ws/devel/.private/hector_uav_msgs/include/hector_uav_msgs/ControllerState.h, /home/vinayaka/project_ws/devel/include/hector_uav_msgs/ControllerState.h)
Linked: (/home/vinayaka/project_ws/devel/.private/hector_uav_msgs/include/hector_uav_msgs/HeightCommand.h, /home/vinayaka/project_ws/devel/include/hector_uav_msgs/HeightCommand.h)
Linked: (/home/vinayaka/project_ws/devel/.private/hector_uav_msgs/include/hector_uav_msgs/LandingResult.h, /home/vinayaka/project_ws/devel/include/hector_uav_msgs/LandingResult.h)
Linked: (/home/vinayaka/project_ws/devel/.private/hector_uav_msgs/include/hector_uav_msgs/PoseAction.h, /home/vinayaka/project_ws/devel/include/hector_uav_msgs/PoseAction.h)
Linked: (/home/vinayaka/project_ws/devel/.private/hector_uav_msgs/include/hector_uav_msgs/ThrustCommand.h, /home/vinayaka/project_ws/devel/include/hector_uav_msgs/ThrustCommand.h)
Linked: (/home/vinayaka/project_ws/devel/.private/hector_uav_msgs/include/hector_uav_msgs/PoseFeedback.h, /home/vinayaka/project_ws/devel/include/hector_uav_msgs/PoseFeedback.h)
Linked: (/home/vinayaka/project_ws/devel/.private/hector_uav_msgs/include/hector_uav_msgs/RawImu.h, /home/vinayaka/project_ws/devel/include/hector_uav_msgs/RawImu.h)
Linked: (/home/vinayaka/project_ws/devel/.private/hector_uav_msgs/include/hector_uav_msgs/VelocityXYCommand.h, /home/vinayaka/project_ws/devel/include/hector_uav_msgs/VelocityXYCommand.h)
Linked: (/home/vinayaka/project_ws/devel/.private/hector_uav_msgs/include/hector_uav_msgs/MotorPWM.h, /home/vinayaka/project_ws/devel/include/hector_uav_msgs/MotorPWM.h)
Linked: (/home/vinayaka/project_ws/devel/.private/hector_uav_msgs/include/hector_uav_msgs/VelocityZCommand.h, /home/vinayaka/project_ws/devel/include/hector_uav_msgs/VelocityZCommand.h)
Linked: (/home/vinayaka/project_ws/devel/.private/hector_uav_msgs/include/hector_uav_msgs/LandingActionFeedback.h, /home/vinayaka/project_ws/devel/include/hector_uav_msgs/LandingActionFeedback.h)
