Not searching for unused variables given on the command line.
[36m--[0m Using CATKIN_DEVEL_PREFIX: /home/vinayaka/project_ws/devel/.private/hector_quadrotor_pose_estimation
[36m--[0m Using CMAKE_PREFIX_PATH: /home/vinayaka/project_ws/devel;/opt/ros/kinetic
[36m--[0m This workspace overlays: /home/vinayaka/project_ws/devel;/opt/ros/kinetic
[36m--[0m Found PythonInterp: /usr/bin/python2 (found suitable version "2.7.12", minimum required is "2")
[36m--[0m Using PYTHON_EXECUTABLE: /usr/bin/python2
[36m--[0m Using Debian Python package layout
[36m--[0m Using empy: /usr/bin/empy
[36m--[0m Using CATKIN_ENABLE_TESTING: ON
[36m--[0m Call enable_testing()
[36m--[0m Using CATKIN_TEST_RESULTS_DIR: /home/vinayaka/project_ws/build/hector_quadrotor_pose_estimation/test_results
[36m--[0m Found gtest sources under '/usr/src/gmock': gtests will be built
[36m--[0m Found gmock sources under '/usr/src/gmock': gmock will be built
[36m--[0m Found PythonInterp: /usr/bin/python2 (found version "2.7.12")
[36m--[0m Using Python nosetests: /usr/bin/nosetests-2.7
[36m--[0m catkin 0.7.29
[36m--[0m BUILD_SHARED_LIBS is on
[33m[1mCMake Warning[0m at /opt/ros/kinetic/share/catkin/cmake/catkinConfig.cmake:76 (find_package):
  Could not find a package configuration file provided by
  "hector_pose_estimation" with any of the following names:

    hector_pose_estimationConfig.cmake
    hector_pose_estimation-config.cmake

  Add the installation prefix of "hector_pose_estimation" to
  CMAKE_PREFIX_PATH or set "hector_pose_estimation_DIR" to a directory
  containing one of the above files.  If "hector_pose_estimation" provides a
  separate development package or SDK, be sure it has been installed.
[36mCall Stack (most recent call first):[0m
  CMakeLists.txt:7 (find_package)


[31m[1mCMake Error[0m at /opt/ros/kinetic/share/catkin/cmake/catkinConfig.cmake:83 (find_package):
  Could not find a package configuration file provided by
  "hector_pose_estimation" with any of the following names:

    hector_pose_estimationConfig.cmake
    hector_pose_estimation-config.cmake

  Add the installation prefix of "hector_pose_estimation" to
  CMAKE_PREFIX_PATH or set "hector_pose_estimation_DIR" to a directory
  containing one of the above files.  If "hector_pose_estimation" provides a
  separate development package or SDK, be sure it has been installed.
[36mCall Stack (most recent call first):[0m
  CMakeLists.txt:7 (find_package)


[36m--[0m Could not find the required component 'hector_pose_estimation'. The following CMake error indicates that you either need to install the package with the same name or change your environment so that it can be found.
[36m--[0m Configuring incomplete, errors occurred!
See also "/home/vinayaka/project_ws/build/hector_quadrotor_pose_estimation/CMakeFiles/CMakeOutput.log".
See also "/home/vinayaka/project_ws/build/hector_quadrotor_pose_estimation/CMakeFiles/CMakeError.log".
