Determining if the pthread_create exist failed with the following output:
Change Dir: /home/vinayaka/project_ws/build/hector_mapping/CMakeFiles/CMakeTmp

Run Build Command:"/usr/bin/make" "cmTC_2cd8e/fast"
/usr/bin/make -f CMakeFiles/cmTC_2cd8e.dir/build.make CMakeFiles/cmTC_2cd8e.dir/build
make[1]: Entering directory '/home/vinayaka/project_ws/build/hector_mapping/CMakeFiles/CMakeTmp'
Building C object CMakeFiles/cmTC_2cd8e.dir/CheckSymbolExists.c.o
/usr/bin/cc     -o CMakeFiles/cmTC_2cd8e.dir/CheckSymbolExists.c.o   -c /home/vinayaka/project_ws/build/hector_mapping/CMakeFiles/CMakeTmp/CheckSymbolExists.c
Linking C executable cmTC_2cd8e
/usr/bin/cmake -E cmake_link_script CMakeFiles/cmTC_2cd8e.dir/link.txt --verbose=1
/usr/bin/cc       CMakeFiles/cmTC_2cd8e.dir/CheckSymbolExists.c.o  -o cmTC_2cd8e -rdynamic 
CMakeFiles/cmTC_2cd8e.dir/CheckSymbolExists.c.o: In function `main':
CheckSymbolExists.c:(.text+0x16): undefined reference to `pthread_create'
collect2: error: ld returned 1 exit status
CMakeFiles/cmTC_2cd8e.dir/build.make:97: recipe for target 'cmTC_2cd8e' failed
make[1]: *** [cmTC_2cd8e] Error 1
make[1]: Leaving directory '/home/vinayaka/project_ws/build/hector_mapping/CMakeFiles/CMakeTmp'
Makefile:126: recipe for target 'cmTC_2cd8e/fast' failed
make: *** [cmTC_2cd8e/fast] Error 2

File /home/vinayaka/project_ws/build/hector_mapping/CMakeFiles/CMakeTmp/CheckSymbolExists.c:
/* */
#include <pthread.h>

int main(int argc, char** argv)
{
  (void)argv;
#ifndef pthread_create
  return ((int*)(&pthread_create))[argc];
#else
  (void)argc;
  return 0;
#endif
}

Determining if the function pthread_create exists in the pthreads failed with the following output:
Change Dir: /home/vinayaka/project_ws/build/hector_mapping/CMakeFiles/CMakeTmp

Run Build Command:"/usr/bin/make" "cmTC_b3cc3/fast"
/usr/bin/make -f CMakeFiles/cmTC_b3cc3.dir/build.make CMakeFiles/cmTC_b3cc3.dir/build
make[1]: Entering directory '/home/vinayaka/project_ws/build/hector_mapping/CMakeFiles/CMakeTmp'
Building C object CMakeFiles/cmTC_b3cc3.dir/CheckFunctionExists.c.o
/usr/bin/cc    -DCHECK_FUNCTION_EXISTS=pthread_create   -o CMakeFiles/cmTC_b3cc3.dir/CheckFunctionExists.c.o   -c /usr/share/cmake-3.5/Modules/CheckFunctionExists.c
Linking C executable cmTC_b3cc3
/usr/bin/cmake -E cmake_link_script CMakeFiles/cmTC_b3cc3.dir/link.txt --verbose=1
/usr/bin/cc   -DCHECK_FUNCTION_EXISTS=pthread_create    CMakeFiles/cmTC_b3cc3.dir/CheckFunctionExists.c.o  -o cmTC_b3cc3 -rdynamic -lpthreads 
/usr/bin/ld: cannot find -lpthreads
collect2: error: ld returned 1 exit status
CMakeFiles/cmTC_b3cc3.dir/build.make:97: recipe for target 'cmTC_b3cc3' failed
make[1]: *** [cmTC_b3cc3] Error 1
make[1]: Leaving directory '/home/vinayaka/project_ws/build/hector_mapping/CMakeFiles/CMakeTmp'
Makefile:126: recipe for target 'cmTC_b3cc3/fast' failed
make: *** [cmTC_b3cc3/fast] Error 2


