Determining if the pthread_create exist failed with the following output:
Change Dir: /home/vinayaka/project_ws/build/aerial_manipulation/CMakeFiles/CMakeTmp

Run Build Command:"/usr/bin/make" "cmTC_7fccd/fast"
/usr/bin/make -f CMakeFiles/cmTC_7fccd.dir/build.make CMakeFiles/cmTC_7fccd.dir/build
make[1]: Entering directory '/home/vinayaka/project_ws/build/aerial_manipulation/CMakeFiles/CMakeTmp'
Building C object CMakeFiles/cmTC_7fccd.dir/CheckSymbolExists.c.o
/usr/bin/cc     -o CMakeFiles/cmTC_7fccd.dir/CheckSymbolExists.c.o   -c /home/vinayaka/project_ws/build/aerial_manipulation/CMakeFiles/CMakeTmp/CheckSymbolExists.c
Linking C executable cmTC_7fccd
/usr/bin/cmake -E cmake_link_script CMakeFiles/cmTC_7fccd.dir/link.txt --verbose=1
/usr/bin/cc       CMakeFiles/cmTC_7fccd.dir/CheckSymbolExists.c.o  -o cmTC_7fccd -rdynamic 
CMakeFiles/cmTC_7fccd.dir/CheckSymbolExists.c.o: In function `main':
CheckSymbolExists.c:(.text+0x16): undefined reference to `pthread_create'
collect2: error: ld returned 1 exit status
CMakeFiles/cmTC_7fccd.dir/build.make:97: recipe for target 'cmTC_7fccd' failed
make[1]: *** [cmTC_7fccd] Error 1
make[1]: Leaving directory '/home/vinayaka/project_ws/build/aerial_manipulation/CMakeFiles/CMakeTmp'
Makefile:126: recipe for target 'cmTC_7fccd/fast' failed
make: *** [cmTC_7fccd/fast] Error 2

File /home/vinayaka/project_ws/build/aerial_manipulation/CMakeFiles/CMakeTmp/CheckSymbolExists.c:
/* */
#include <pthread.h>

int main(int argc, char** argv)
{
  (void)argv;
#ifndef pthread_create
  return ((int*)(&pthread_create))[argc];
#else
  (void)argc;
  return 0;
#endif
}

Determining if the function pthread_create exists in the pthreads failed with the following output:
Change Dir: /home/vinayaka/project_ws/build/aerial_manipulation/CMakeFiles/CMakeTmp

Run Build Command:"/usr/bin/make" "cmTC_53bdf/fast"
/usr/bin/make -f CMakeFiles/cmTC_53bdf.dir/build.make CMakeFiles/cmTC_53bdf.dir/build
make[1]: Entering directory '/home/vinayaka/project_ws/build/aerial_manipulation/CMakeFiles/CMakeTmp'
Building C object CMakeFiles/cmTC_53bdf.dir/CheckFunctionExists.c.o
/usr/bin/cc    -DCHECK_FUNCTION_EXISTS=pthread_create   -o CMakeFiles/cmTC_53bdf.dir/CheckFunctionExists.c.o   -c /usr/share/cmake-3.5/Modules/CheckFunctionExists.c
Linking C executable cmTC_53bdf
/usr/bin/cmake -E cmake_link_script CMakeFiles/cmTC_53bdf.dir/link.txt --verbose=1
/usr/bin/cc   -DCHECK_FUNCTION_EXISTS=pthread_create    CMakeFiles/cmTC_53bdf.dir/CheckFunctionExists.c.o  -o cmTC_53bdf -rdynamic -lpthreads 
/usr/bin/ld: cannot find -lpthreads
collect2: error: ld returned 1 exit status
CMakeFiles/cmTC_53bdf.dir/build.make:97: recipe for target 'cmTC_53bdf' failed
make[1]: *** [cmTC_53bdf] Error 1
make[1]: Leaving directory '/home/vinayaka/project_ws/build/aerial_manipulation/CMakeFiles/CMakeTmp'
Makefile:126: recipe for target 'cmTC_53bdf/fast' failed
make: *** [cmTC_53bdf/fast] Error 2


