Determining if the pthread_create exist failed with the following output:
Change Dir: /home/vinayaka/project_ws/build/hector_quadrotor_description/CMakeFiles/CMakeTmp

Run Build Command:"/usr/bin/make" "cmTC_21e8d/fast"
/usr/bin/make -f CMakeFiles/cmTC_21e8d.dir/build.make CMakeFiles/cmTC_21e8d.dir/build
make[1]: Entering directory '/home/vinayaka/project_ws/build/hector_quadrotor_description/CMakeFiles/CMakeTmp'
Building C object CMakeFiles/cmTC_21e8d.dir/CheckSymbolExists.c.o
/usr/bin/cc     -o CMakeFiles/cmTC_21e8d.dir/CheckSymbolExists.c.o   -c /home/vinayaka/project_ws/build/hector_quadrotor_description/CMakeFiles/CMakeTmp/CheckSymbolExists.c
Linking C executable cmTC_21e8d
/usr/bin/cmake -E cmake_link_script CMakeFiles/cmTC_21e8d.dir/link.txt --verbose=1
/usr/bin/cc       CMakeFiles/cmTC_21e8d.dir/CheckSymbolExists.c.o  -o cmTC_21e8d -rdynamic 
CMakeFiles/cmTC_21e8d.dir/CheckSymbolExists.c.o: In function `main':
CheckSymbolExists.c:(.text+0x16): undefined reference to `pthread_create'
collect2: error: ld returned 1 exit status
CMakeFiles/cmTC_21e8d.dir/build.make:97: recipe for target 'cmTC_21e8d' failed
make[1]: *** [cmTC_21e8d] Error 1
make[1]: Leaving directory '/home/vinayaka/project_ws/build/hector_quadrotor_description/CMakeFiles/CMakeTmp'
Makefile:126: recipe for target 'cmTC_21e8d/fast' failed
make: *** [cmTC_21e8d/fast] Error 2

File /home/vinayaka/project_ws/build/hector_quadrotor_description/CMakeFiles/CMakeTmp/CheckSymbolExists.c:
/* */
#include <pthread.h>

int main(int argc, char** argv)
{
  (void)argv;
#ifndef pthread_create
  return ((int*)(&pthread_create))[argc];
#else
  (void)argc;
  return 0;
#endif
}

Determining if the function pthread_create exists in the pthreads failed with the following output:
Change Dir: /home/vinayaka/project_ws/build/hector_quadrotor_description/CMakeFiles/CMakeTmp

Run Build Command:"/usr/bin/make" "cmTC_632af/fast"
/usr/bin/make -f CMakeFiles/cmTC_632af.dir/build.make CMakeFiles/cmTC_632af.dir/build
make[1]: Entering directory '/home/vinayaka/project_ws/build/hector_quadrotor_description/CMakeFiles/CMakeTmp'
Building C object CMakeFiles/cmTC_632af.dir/CheckFunctionExists.c.o
/usr/bin/cc    -DCHECK_FUNCTION_EXISTS=pthread_create   -o CMakeFiles/cmTC_632af.dir/CheckFunctionExists.c.o   -c /usr/share/cmake-3.5/Modules/CheckFunctionExists.c
Linking C executable cmTC_632af
/usr/bin/cmake -E cmake_link_script CMakeFiles/cmTC_632af.dir/link.txt --verbose=1
/usr/bin/cc   -DCHECK_FUNCTION_EXISTS=pthread_create    CMakeFiles/cmTC_632af.dir/CheckFunctionExists.c.o  -o cmTC_632af -rdynamic -lpthreads 
/usr/bin/ld: cannot find -lpthreads
collect2: error: ld returned 1 exit status
CMakeFiles/cmTC_632af.dir/build.make:97: recipe for target 'cmTC_632af' failed
make[1]: *** [cmTC_632af] Error 1
make[1]: Leaving directory '/home/vinayaka/project_ws/build/hector_quadrotor_description/CMakeFiles/CMakeTmp'
Makefile:126: recipe for target 'cmTC_632af/fast' failed
make: *** [cmTC_632af/fast] Error 2


