Determining if the pthread_create exist failed with the following output:
Change Dir: /home/vinayaka/project_ws/build/rotors_gazebo/CMakeFiles/CMakeTmp

Run Build Command:"/usr/bin/make" "cmTC_4b47b/fast"
/usr/bin/make -f CMakeFiles/cmTC_4b47b.dir/build.make CMakeFiles/cmTC_4b47b.dir/build
make[1]: Entering directory '/home/vinayaka/project_ws/build/rotors_gazebo/CMakeFiles/CMakeTmp'
Building C object CMakeFiles/cmTC_4b47b.dir/CheckSymbolExists.c.o
/usr/bin/cc     -o CMakeFiles/cmTC_4b47b.dir/CheckSymbolExists.c.o   -c /home/vinayaka/project_ws/build/rotors_gazebo/CMakeFiles/CMakeTmp/CheckSymbolExists.c
Linking C executable cmTC_4b47b
/usr/bin/cmake -E cmake_link_script CMakeFiles/cmTC_4b47b.dir/link.txt --verbose=1
/usr/bin/cc       CMakeFiles/cmTC_4b47b.dir/CheckSymbolExists.c.o  -o cmTC_4b47b -rdynamic 
CMakeFiles/cmTC_4b47b.dir/CheckSymbolExists.c.o: In function `main':
CheckSymbolExists.c:(.text+0x16): undefined reference to `pthread_create'
collect2: error: ld returned 1 exit status
CMakeFiles/cmTC_4b47b.dir/build.make:97: recipe for target 'cmTC_4b47b' failed
make[1]: *** [cmTC_4b47b] Error 1
make[1]: Leaving directory '/home/vinayaka/project_ws/build/rotors_gazebo/CMakeFiles/CMakeTmp'
Makefile:126: recipe for target 'cmTC_4b47b/fast' failed
make: *** [cmTC_4b47b/fast] Error 2

File /home/vinayaka/project_ws/build/rotors_gazebo/CMakeFiles/CMakeTmp/CheckSymbolExists.c:
/* */
#include <pthread.h>

int main(int argc, char** argv)
{
  (void)argv;
#ifndef pthread_create
  return ((int*)(&pthread_create))[argc];
#else
  (void)argc;
  return 0;
#endif
}

Determining if the function pthread_create exists in the pthreads failed with the following output:
Change Dir: /home/vinayaka/project_ws/build/rotors_gazebo/CMakeFiles/CMakeTmp

Run Build Command:"/usr/bin/make" "cmTC_1fe02/fast"
/usr/bin/make -f CMakeFiles/cmTC_1fe02.dir/build.make CMakeFiles/cmTC_1fe02.dir/build
make[1]: Entering directory '/home/vinayaka/project_ws/build/rotors_gazebo/CMakeFiles/CMakeTmp'
Building C object CMakeFiles/cmTC_1fe02.dir/CheckFunctionExists.c.o
/usr/bin/cc    -DCHECK_FUNCTION_EXISTS=pthread_create   -o CMakeFiles/cmTC_1fe02.dir/CheckFunctionExists.c.o   -c /usr/share/cmake-3.5/Modules/CheckFunctionExists.c
Linking C executable cmTC_1fe02
/usr/bin/cmake -E cmake_link_script CMakeFiles/cmTC_1fe02.dir/link.txt --verbose=1
/usr/bin/cc   -DCHECK_FUNCTION_EXISTS=pthread_create    CMakeFiles/cmTC_1fe02.dir/CheckFunctionExists.c.o  -o cmTC_1fe02 -rdynamic -lpthreads 
/usr/bin/ld: cannot find -lpthreads
collect2: error: ld returned 1 exit status
CMakeFiles/cmTC_1fe02.dir/build.make:97: recipe for target 'cmTC_1fe02' failed
make[1]: *** [cmTC_1fe02] Error 1
make[1]: Leaving directory '/home/vinayaka/project_ws/build/rotors_gazebo/CMakeFiles/CMakeTmp'
Makefile:126: recipe for target 'cmTC_1fe02/fast' failed
make: *** [cmTC_1fe02/fast] Error 2


