Symlinking /home/vinayaka/project_ws/devel/lib/hector_mapping/hector_mapping
Symlinking /home/vinayaka/project_ws/devel/lib/pkgconfig/hector_mapping.pc
Symlinking /home/vinayaka/project_ws/devel/lib/python2.7/dist-packages/hector_mapping/__init__.py
Symlinking /home/vinayaka/project_ws/devel/lib/python2.7/dist-packages/hector_mapping/msg/_HectorDebugInfo.py
Symlinking /home/vinayaka/project_ws/devel/lib/python2.7/dist-packages/hector_mapping/msg/__init__.py
Symlinking /home/vinayaka/project_ws/devel/lib/python2.7/dist-packages/hector_mapping/msg/_HectorIterData.py
Symlinking /home/vinayaka/project_ws/devel/share/gennodejs/ros/hector_mapping/_index.js
Symlinking /home/vinayaka/project_ws/devel/share/gennodejs/ros/hector_mapping/msg/_index.js
Symlinking /home/vinayaka/project_ws/devel/share/gennodejs/ros/hector_mapping/msg/HectorDebugInfo.js
Symlinking /home/vinayaka/project_ws/devel/share/gennodejs/ros/hector_mapping/msg/HectorIterData.js
Symlinking /home/vinayaka/project_ws/devel/share/hector_mapping/cmake/hector_mappingConfig.cmake
Symlinking /home/vinayaka/project_ws/devel/share/hector_mapping/cmake/hector_mapping-msg-paths.cmake
Symlinking /home/vinayaka/project_ws/devel/share/hector_mapping/cmake/hector_mappingConfig-version.cmake
Symlinking /home/vinayaka/project_ws/devel/share/hector_mapping/cmake/hector_mapping-msg-extras.cmake
Symlinking /home/vinayaka/project_ws/devel/share/roseus/ros/hector_mapping/manifest.l
Symlinking /home/vinayaka/project_ws/devel/share/roseus/ros/hector_mapping/msg/HectorIterData.l
Symlinking /home/vinayaka/project_ws/devel/share/roseus/ros/hector_mapping/msg/HectorDebugInfo.l
Symlinking /home/vinayaka/project_ws/devel/share/common-lisp/ros/hector_mapping/msg/_package.lisp
Symlinking /home/vinayaka/project_ws/devel/share/common-lisp/ros/hector_mapping/msg/hector_mapping-msg.asd
Symlinking /home/vinayaka/project_ws/devel/share/common-lisp/ros/hector_mapping/msg/_package_HectorIterData.lisp
Symlinking /home/vinayaka/project_ws/devel/share/common-lisp/ros/hector_mapping/msg/HectorDebugInfo.lisp
Symlinking /home/vinayaka/project_ws/devel/share/common-lisp/ros/hector_mapping/msg/HectorIterData.lisp
Symlinking /home/vinayaka/project_ws/devel/share/common-lisp/ros/hector_mapping/msg/_package_HectorDebugInfo.lisp
Symlinking /home/vinayaka/project_ws/devel/include/hector_mapping/HectorDebugInfo.h
Symlinking /home/vinayaka/project_ws/devel/include/hector_mapping/HectorIterData.h
