Determining if the pthread_create exist failed with the following output:
Change Dir: /home/vinayaka/project_ws/build/velodyne_description/CMakeFiles/CMakeTmp

Run Build Command:"/usr/bin/make" "cmTC_cacb8/fast"
/usr/bin/make -f CMakeFiles/cmTC_cacb8.dir/build.make CMakeFiles/cmTC_cacb8.dir/build
make[1]: Entering directory '/home/vinayaka/project_ws/build/velodyne_description/CMakeFiles/CMakeTmp'
Building C object CMakeFiles/cmTC_cacb8.dir/CheckSymbolExists.c.o
/usr/bin/cc     -o CMakeFiles/cmTC_cacb8.dir/CheckSymbolExists.c.o   -c /home/vinayaka/project_ws/build/velodyne_description/CMakeFiles/CMakeTmp/CheckSymbolExists.c
Linking C executable cmTC_cacb8
/usr/bin/cmake -E cmake_link_script CMakeFiles/cmTC_cacb8.dir/link.txt --verbose=1
/usr/bin/cc       CMakeFiles/cmTC_cacb8.dir/CheckSymbolExists.c.o  -o cmTC_cacb8 -rdynamic 
CMakeFiles/cmTC_cacb8.dir/CheckSymbolExists.c.o: In function `main':
CheckSymbolExists.c:(.text+0x16): undefined reference to `pthread_create'
collect2: error: ld returned 1 exit status
CMakeFiles/cmTC_cacb8.dir/build.make:97: recipe for target 'cmTC_cacb8' failed
make[1]: *** [cmTC_cacb8] Error 1
make[1]: Leaving directory '/home/vinayaka/project_ws/build/velodyne_description/CMakeFiles/CMakeTmp'
Makefile:126: recipe for target 'cmTC_cacb8/fast' failed
make: *** [cmTC_cacb8/fast] Error 2

File /home/vinayaka/project_ws/build/velodyne_description/CMakeFiles/CMakeTmp/CheckSymbolExists.c:
/* */
#include <pthread.h>

int main(int argc, char** argv)
{
  (void)argv;
#ifndef pthread_create
  return ((int*)(&pthread_create))[argc];
#else
  (void)argc;
  return 0;
#endif
}

Determining if the function pthread_create exists in the pthreads failed with the following output:
Change Dir: /home/vinayaka/project_ws/build/velodyne_description/CMakeFiles/CMakeTmp

Run Build Command:"/usr/bin/make" "cmTC_baa06/fast"
/usr/bin/make -f CMakeFiles/cmTC_baa06.dir/build.make CMakeFiles/cmTC_baa06.dir/build
make[1]: Entering directory '/home/vinayaka/project_ws/build/velodyne_description/CMakeFiles/CMakeTmp'
Building C object CMakeFiles/cmTC_baa06.dir/CheckFunctionExists.c.o
/usr/bin/cc    -DCHECK_FUNCTION_EXISTS=pthread_create   -o CMakeFiles/cmTC_baa06.dir/CheckFunctionExists.c.o   -c /usr/share/cmake-3.5/Modules/CheckFunctionExists.c
Linking C executable cmTC_baa06
/usr/bin/cmake -E cmake_link_script CMakeFiles/cmTC_baa06.dir/link.txt --verbose=1
/usr/bin/cc   -DCHECK_FUNCTION_EXISTS=pthread_create    CMakeFiles/cmTC_baa06.dir/CheckFunctionExists.c.o  -o cmTC_baa06 -rdynamic -lpthreads 
/usr/bin/ld: cannot find -lpthreads
collect2: error: ld returned 1 exit status
CMakeFiles/cmTC_baa06.dir/build.make:97: recipe for target 'cmTC_baa06' failed
make[1]: *** [cmTC_baa06] Error 1
make[1]: Leaving directory '/home/vinayaka/project_ws/build/velodyne_description/CMakeFiles/CMakeTmp'
Makefile:126: recipe for target 'cmTC_baa06/fast' failed
make: *** [cmTC_baa06/fast] Error 2


