Determining if the pthread_create exist failed with the following output:
Change Dir: /home/vinayaka/project_ws/build/rotors_control/CMakeFiles/CMakeTmp

Run Build Command:"/usr/bin/make" "cmTC_36585/fast"
/usr/bin/make -f CMakeFiles/cmTC_36585.dir/build.make CMakeFiles/cmTC_36585.dir/build
make[1]: Entering directory '/home/vinayaka/project_ws/build/rotors_control/CMakeFiles/CMakeTmp'
Building C object CMakeFiles/cmTC_36585.dir/CheckSymbolExists.c.o
/usr/bin/cc     -o CMakeFiles/cmTC_36585.dir/CheckSymbolExists.c.o   -c /home/vinayaka/project_ws/build/rotors_control/CMakeFiles/CMakeTmp/CheckSymbolExists.c
Linking C executable cmTC_36585
/usr/bin/cmake -E cmake_link_script CMakeFiles/cmTC_36585.dir/link.txt --verbose=1
/usr/bin/cc       CMakeFiles/cmTC_36585.dir/CheckSymbolExists.c.o  -o cmTC_36585 -rdynamic 
CMakeFiles/cmTC_36585.dir/CheckSymbolExists.c.o: In function `main':
CheckSymbolExists.c:(.text+0x16): undefined reference to `pthread_create'
collect2: error: ld returned 1 exit status
CMakeFiles/cmTC_36585.dir/build.make:97: recipe for target 'cmTC_36585' failed
make[1]: *** [cmTC_36585] Error 1
make[1]: Leaving directory '/home/vinayaka/project_ws/build/rotors_control/CMakeFiles/CMakeTmp'
Makefile:126: recipe for target 'cmTC_36585/fast' failed
make: *** [cmTC_36585/fast] Error 2

File /home/vinayaka/project_ws/build/rotors_control/CMakeFiles/CMakeTmp/CheckSymbolExists.c:
/* */
#include <pthread.h>

int main(int argc, char** argv)
{
  (void)argv;
#ifndef pthread_create
  return ((int*)(&pthread_create))[argc];
#else
  (void)argc;
  return 0;
#endif
}

Determining if the function pthread_create exists in the pthreads failed with the following output:
Change Dir: /home/vinayaka/project_ws/build/rotors_control/CMakeFiles/CMakeTmp

Run Build Command:"/usr/bin/make" "cmTC_204d2/fast"
/usr/bin/make -f CMakeFiles/cmTC_204d2.dir/build.make CMakeFiles/cmTC_204d2.dir/build
make[1]: Entering directory '/home/vinayaka/project_ws/build/rotors_control/CMakeFiles/CMakeTmp'
Building C object CMakeFiles/cmTC_204d2.dir/CheckFunctionExists.c.o
/usr/bin/cc    -DCHECK_FUNCTION_EXISTS=pthread_create   -o CMakeFiles/cmTC_204d2.dir/CheckFunctionExists.c.o   -c /usr/share/cmake-3.5/Modules/CheckFunctionExists.c
Linking C executable cmTC_204d2
/usr/bin/cmake -E cmake_link_script CMakeFiles/cmTC_204d2.dir/link.txt --verbose=1
/usr/bin/cc   -DCHECK_FUNCTION_EXISTS=pthread_create    CMakeFiles/cmTC_204d2.dir/CheckFunctionExists.c.o  -o cmTC_204d2 -rdynamic -lpthreads 
/usr/bin/ld: cannot find -lpthreads
collect2: error: ld returned 1 exit status
CMakeFiles/cmTC_204d2.dir/build.make:97: recipe for target 'cmTC_204d2' failed
make[1]: *** [cmTC_204d2] Error 1
make[1]: Leaving directory '/home/vinayaka/project_ws/build/rotors_control/CMakeFiles/CMakeTmp'
Makefile:126: recipe for target 'cmTC_204d2/fast' failed
make: *** [cmTC_204d2/fast] Error 2


