Linked: (/home/vinayaka/project_ws/devel/.private/octomap_server/lib/liboctomap_server_nodelet.so, /home/vinayaka/project_ws/devel/lib/liboctomap_server_nodelet.so)
Linked: (/home/vinayaka/project_ws/devel/.private/octomap_server/lib/liboctomap_color_server_nodelet.so, /home/vinayaka/project_ws/devel/lib/liboctomap_color_server_nodelet.so)
Linked: (/home/vinayaka/project_ws/devel/.private/octomap_server/lib/liboctomap_server_color.so, /home/vinayaka/project_ws/devel/lib/liboctomap_server_color.so)
Linked: (/home/vinayaka/project_ws/devel/.private/octomap_server/lib/liboctomap_server.so, /home/vinayaka/project_ws/devel/lib/liboctomap_server.so)
Linked: (/home/vinayaka/project_ws/devel/.private/octomap_server/lib/pkgconfig/octomap_server.pc, /home/vinayaka/project_ws/devel/lib/pkgconfig/octomap_server.pc)
Linked: (/home/vinayaka/project_ws/devel/.private/octomap_server/lib/python2.7/dist-packages/octomap_server/__init__.py, /home/vinayaka/project_ws/devel/lib/python2.7/dist-packages/octomap_server/__init__.py)
Linked: (/home/vinayaka/project_ws/devel/.private/octomap_server/lib/python2.7/dist-packages/octomap_server/cfg/OctomapServerConfig.py, /home/vinayaka/project_ws/devel/lib/python2.7/dist-packages/octomap_server/cfg/OctomapServerConfig.py)
Linked: (/home/vinayaka/project_ws/devel/.private/octomap_server/lib/python2.7/dist-packages/octomap_server/cfg/__init__.py, /home/vinayaka/project_ws/devel/lib/python2.7/dist-packages/octomap_server/cfg/__init__.py)
Linked: (/home/vinayaka/project_ws/devel/.private/octomap_server/lib/octomap_server/octomap_server_static, /home/vinayaka/project_ws/devel/lib/octomap_server/octomap_server_static)
Linked: (/home/vinayaka/project_ws/devel/.private/octomap_server/lib/octomap_server/octomap_saver, /home/vinayaka/project_ws/devel/lib/octomap_server/octomap_saver)
Linked: (/home/vinayaka/project_ws/devel/.private/octomap_server/lib/octomap_server/octomap_color_server_node, /home/vinayaka/project_ws/devel/lib/octomap_server/octomap_color_server_node)
Linked: (/home/vinayaka/project_ws/devel/.private/octomap_server/lib/octomap_server/octomap_tracking_server_node, /home/vinayaka/project_ws/devel/lib/octomap_server/octomap_tracking_server_node)
Linked: (/home/vinayaka/project_ws/devel/.private/octomap_server/lib/octomap_server/octomap_server_node, /home/vinayaka/project_ws/devel/lib/octomap_server/octomap_server_node)
Linked: (/home/vinayaka/project_ws/devel/.private/octomap_server/lib/octomap_server/octomap_server_multilayer, /home/vinayaka/project_ws/devel/lib/octomap_server/octomap_server_multilayer)
Linked: (/home/vinayaka/project_ws/devel/.private/octomap_server/share/octomap_server/docs/OctomapServerConfig.wikidoc, /home/vinayaka/project_ws/devel/share/octomap_server/docs/OctomapServerConfig.wikidoc)
Linked: (/home/vinayaka/project_ws/devel/.private/octomap_server/share/octomap_server/docs/OctomapServerConfig.dox, /home/vinayaka/project_ws/devel/share/octomap_server/docs/OctomapServerConfig.dox)
Linked: (/home/vinayaka/project_ws/devel/.private/octomap_server/share/octomap_server/docs/OctomapServerConfig-usage.dox, /home/vinayaka/project_ws/devel/share/octomap_server/docs/OctomapServerConfig-usage.dox)
Linked: (/home/vinayaka/project_ws/devel/.private/octomap_server/share/octomap_server/cmake/octomap_serverConfig.cmake, /home/vinayaka/project_ws/devel/share/octomap_server/cmake/octomap_serverConfig.cmake)
Linked: (/home/vinayaka/project_ws/devel/.private/octomap_server/share/octomap_server/cmake/octomap_serverConfig-version.cmake, /home/vinayaka/project_ws/devel/share/octomap_server/cmake/octomap_serverConfig-version.cmake)
Linked: (/home/vinayaka/project_ws/devel/.private/octomap_server/include/octomap_server/OctomapServerConfig.h, /home/vinayaka/project_ws/devel/include/octomap_server/OctomapServerConfig.h)
