[35m[1mScanning dependencies of target ardronelib[0m
[  1%] [34m[1mCreating directories for 'ardronelib'[0m
[  1%] [34m[1mPerforming download step (git clone) for 'ardronelib'[0m
Cloning into 'ardronelib'...
fatal: remote error: 
  The unauthenticated git protocol on port 9418 is no longer supported.
Please see https://github.blog/2021-09-01-improving-git-protocol-security-github/ for more information.
Cloning into 'ardronelib'...
fatal: remote error: 
  The unauthenticated git protocol on port 9418 is no longer supported.
Please see https://github.blog/2021-09-01-improving-git-protocol-security-github/ for more information.
Cloning into 'ardronelib'...
fatal: remote error: 
  The unauthenticated git protocol on port 9418 is no longer supported.
Please see https://github.blog/2021-09-01-improving-git-protocol-security-github/ for more information.
-- Had to git clone more than once:
          3 times.
CMake Error at /home/vinayaka/project_ws/devel/.private/ardrone_autonomy/tmp/ardronelib-gitclone.cmake:40 (message):
  Failed to clone repository: 'git://github.com/AutonomyLab/ardronelib.git'


CMakeFiles/ardronelib.dir/build.make:89: recipe for target '/home/vinayaka/project_ws/devel/.private/ardrone_autonomy/src/ardronelib-stamp/ardronelib-download' failed
make[2]: *** [/home/vinayaka/project_ws/devel/.private/ardrone_autonomy/src/ardronelib-stamp/ardronelib-download] Error 1
CMakeFiles/Makefile2:131: recipe for target 'CMakeFiles/ardronelib.dir/all' failed
make[1]: *** [CMakeFiles/ardronelib.dir/all] Error 2
Makefile:138: recipe for target 'all' failed
make: *** [all] Error 2
