Determining if the pthread_create exist failed with the following output:
Change Dir: /home/vinayaka/project_ws/build/catkin_tools_prebuild/CMakeFiles/CMakeTmp

Run Build Command:"/usr/bin/make" "cmTC_f469f/fast"
/usr/bin/make -f CMakeFiles/cmTC_f469f.dir/build.make CMakeFiles/cmTC_f469f.dir/build
make[1]: Entering directory '/home/vinayaka/project_ws/build/catkin_tools_prebuild/CMakeFiles/CMakeTmp'
Building C object CMakeFiles/cmTC_f469f.dir/CheckSymbolExists.c.o
/usr/bin/cc     -o CMakeFiles/cmTC_f469f.dir/CheckSymbolExists.c.o   -c /home/vinayaka/project_ws/build/catkin_tools_prebuild/CMakeFiles/CMakeTmp/CheckSymbolExists.c
Linking C executable cmTC_f469f
/usr/bin/cmake -E cmake_link_script CMakeFiles/cmTC_f469f.dir/link.txt --verbose=1
/usr/bin/cc       CMakeFiles/cmTC_f469f.dir/CheckSymbolExists.c.o  -o cmTC_f469f -rdynamic 
CMakeFiles/cmTC_f469f.dir/CheckSymbolExists.c.o: In function `main':
CheckSymbolExists.c:(.text+0x16): undefined reference to `pthread_create'
collect2: error: ld returned 1 exit status
CMakeFiles/cmTC_f469f.dir/build.make:97: recipe for target 'cmTC_f469f' failed
make[1]: *** [cmTC_f469f] Error 1
make[1]: Leaving directory '/home/vinayaka/project_ws/build/catkin_tools_prebuild/CMakeFiles/CMakeTmp'
Makefile:126: recipe for target 'cmTC_f469f/fast' failed
make: *** [cmTC_f469f/fast] Error 2

File /home/vinayaka/project_ws/build/catkin_tools_prebuild/CMakeFiles/CMakeTmp/CheckSymbolExists.c:
/* */
#include <pthread.h>

int main(int argc, char** argv)
{
  (void)argv;
#ifndef pthread_create
  return ((int*)(&pthread_create))[argc];
#else
  (void)argc;
  return 0;
#endif
}

Determining if the function pthread_create exists in the pthreads failed with the following output:
Change Dir: /home/vinayaka/project_ws/build/catkin_tools_prebuild/CMakeFiles/CMakeTmp

Run Build Command:"/usr/bin/make" "cmTC_6b6dc/fast"
/usr/bin/make -f CMakeFiles/cmTC_6b6dc.dir/build.make CMakeFiles/cmTC_6b6dc.dir/build
make[1]: Entering directory '/home/vinayaka/project_ws/build/catkin_tools_prebuild/CMakeFiles/CMakeTmp'
Building C object CMakeFiles/cmTC_6b6dc.dir/CheckFunctionExists.c.o
/usr/bin/cc    -DCHECK_FUNCTION_EXISTS=pthread_create   -o CMakeFiles/cmTC_6b6dc.dir/CheckFunctionExists.c.o   -c /usr/share/cmake-3.5/Modules/CheckFunctionExists.c
Linking C executable cmTC_6b6dc
/usr/bin/cmake -E cmake_link_script CMakeFiles/cmTC_6b6dc.dir/link.txt --verbose=1
/usr/bin/cc   -DCHECK_FUNCTION_EXISTS=pthread_create    CMakeFiles/cmTC_6b6dc.dir/CheckFunctionExists.c.o  -o cmTC_6b6dc -rdynamic -lpthreads 
/usr/bin/ld: cannot find -lpthreads
collect2: error: ld returned 1 exit status
CMakeFiles/cmTC_6b6dc.dir/build.make:97: recipe for target 'cmTC_6b6dc' failed
make[1]: *** [cmTC_6b6dc] Error 1
make[1]: Leaving directory '/home/vinayaka/project_ws/build/catkin_tools_prebuild/CMakeFiles/CMakeTmp'
Makefile:126: recipe for target 'cmTC_6b6dc/fast' failed
make: *** [cmTC_6b6dc/fast] Error 2


