Determining if the pthread_create exist failed with the following output:
Change Dir: /home/vinayaka/project_ws/build/cvg_sim_msgs/CMakeFiles/CMakeTmp

Run Build Command:"/usr/bin/make" "cmTC_b3923/fast"
/usr/bin/make -f CMakeFiles/cmTC_b3923.dir/build.make CMakeFiles/cmTC_b3923.dir/build
make[1]: Entering directory '/home/vinayaka/project_ws/build/cvg_sim_msgs/CMakeFiles/CMakeTmp'
Building C object CMakeFiles/cmTC_b3923.dir/CheckSymbolExists.c.o
/usr/bin/cc     -o CMakeFiles/cmTC_b3923.dir/CheckSymbolExists.c.o   -c /home/vinayaka/project_ws/build/cvg_sim_msgs/CMakeFiles/CMakeTmp/CheckSymbolExists.c
Linking C executable cmTC_b3923
/usr/bin/cmake -E cmake_link_script CMakeFiles/cmTC_b3923.dir/link.txt --verbose=1
/usr/bin/cc       CMakeFiles/cmTC_b3923.dir/CheckSymbolExists.c.o  -o cmTC_b3923 -rdynamic 
CMakeFiles/cmTC_b3923.dir/CheckSymbolExists.c.o: In function `main':
CheckSymbolExists.c:(.text+0x16): undefined reference to `pthread_create'
collect2: error: ld returned 1 exit status
CMakeFiles/cmTC_b3923.dir/build.make:97: recipe for target 'cmTC_b3923' failed
make[1]: *** [cmTC_b3923] Error 1
make[1]: Leaving directory '/home/vinayaka/project_ws/build/cvg_sim_msgs/CMakeFiles/CMakeTmp'
Makefile:126: recipe for target 'cmTC_b3923/fast' failed
make: *** [cmTC_b3923/fast] Error 2

File /home/vinayaka/project_ws/build/cvg_sim_msgs/CMakeFiles/CMakeTmp/CheckSymbolExists.c:
/* */
#include <pthread.h>

int main(int argc, char** argv)
{
  (void)argv;
#ifndef pthread_create
  return ((int*)(&pthread_create))[argc];
#else
  (void)argc;
  return 0;
#endif
}

Determining if the function pthread_create exists in the pthreads failed with the following output:
Change Dir: /home/vinayaka/project_ws/build/cvg_sim_msgs/CMakeFiles/CMakeTmp

Run Build Command:"/usr/bin/make" "cmTC_854ce/fast"
/usr/bin/make -f CMakeFiles/cmTC_854ce.dir/build.make CMakeFiles/cmTC_854ce.dir/build
make[1]: Entering directory '/home/vinayaka/project_ws/build/cvg_sim_msgs/CMakeFiles/CMakeTmp'
Building C object CMakeFiles/cmTC_854ce.dir/CheckFunctionExists.c.o
/usr/bin/cc    -DCHECK_FUNCTION_EXISTS=pthread_create   -o CMakeFiles/cmTC_854ce.dir/CheckFunctionExists.c.o   -c /usr/share/cmake-3.5/Modules/CheckFunctionExists.c
Linking C executable cmTC_854ce
/usr/bin/cmake -E cmake_link_script CMakeFiles/cmTC_854ce.dir/link.txt --verbose=1
/usr/bin/cc   -DCHECK_FUNCTION_EXISTS=pthread_create    CMakeFiles/cmTC_854ce.dir/CheckFunctionExists.c.o  -o cmTC_854ce -rdynamic -lpthreads 
/usr/bin/ld: cannot find -lpthreads
collect2: error: ld returned 1 exit status
CMakeFiles/cmTC_854ce.dir/build.make:97: recipe for target 'cmTC_854ce' failed
make[1]: *** [cmTC_854ce] Error 1
make[1]: Leaving directory '/home/vinayaka/project_ws/build/cvg_sim_msgs/CMakeFiles/CMakeTmp'
Makefile:126: recipe for target 'cmTC_854ce/fast' failed
make: *** [cmTC_854ce/fast] Error 2


